2024-04-03  00:01:52.158 [MQTT Ping: 5f90d56346835c5deb1e79f9e07baf16_receive] ERROR org.eclipse.paho.client.mqttv3.internal.ClientState - 5f90d56346835c5deb1e79f9e07baf16_receive: Timed out as no activity, keepAlive=20,000,000,000 lastOutboundActivity=499,242,827,256,310 lastInboundActivity=499,222,861,521,157 time=499,262,837,483,804 lastPing=499,242,827,257,588
2024-04-03  00:01:52.166 [MQTT Ping: 5f90d56346835c5deb1e79f9e07baf16_receive] ERROR org.springframework.integration.mqtt.inbound.MqttPahoMessageDrivenChannelAdapter - Lost connection: 等待来自服务器的响应时超时; retrying...
2024-04-03  00:20:57.632 [MQTT Ping: 5f90d56346835c5deb1e79f9e07baf16_receive] ERROR org.eclipse.paho.client.mqttv3.internal.ClientState - 5f90d56346835c5deb1e79f9e07baf16_receive: Timed out as no activity, keepAlive=20,000,000,000 lastOutboundActivity=499,373,269,880,310 lastInboundActivity=499,353,300,309,820 time=499,393,271,976,742 lastPing=499,373,269,885,065
2024-04-03  00:20:57.638 [MQTT Ping: 5f90d56346835c5deb1e79f9e07baf16_receive] ERROR org.springframework.integration.mqtt.inbound.MqttPahoMessageDrivenChannelAdapter - Lost connection: 等待来自服务器的响应时超时; retrying...
2024-04-03  00:40:49.569 [MQTT Rec: 5f90d56346835c5deb1e79f9e07baf16_receive] ERROR org.springframework.integration.mqtt.inbound.MqttPahoMessageDrivenChannelAdapter - Lost connection: 已断开连接; retrying...
2024-04-03  01:00:01.117 [MQTT Ping: 5f90d56346835c5deb1e79f9e07baf16_receive] ERROR org.eclipse.paho.client.mqttv3.internal.ClientState - 5f90d56346835c5deb1e79f9e07baf16_receive: Timed out as no activity, keepAlive=20,000,000,000 lastOutboundActivity=499,633,108,169,102 lastInboundActivity=499,613,141,956,662 time=499,653,110,799,594 lastPing=499,633,108,172,554
2024-04-03  01:00:01.122 [MQTT Ping: 5f90d56346835c5deb1e79f9e07baf16_receive] ERROR org.springframework.integration.mqtt.inbound.MqttPahoMessageDrivenChannelAdapter - Lost connection: 等待来自服务器的响应时超时; retrying...
2024-04-03  01:18:16.193 [MQTT Ping: 5f90d56346835c5deb1e79f9e07baf16_receive] ERROR org.eclipse.paho.client.mqttv3.internal.ClientState - 5f90d56346835c5deb1e79f9e07baf16_receive: Timed out as no activity, keepAlive=20,000,000,000 lastOutboundActivity=499,763,566,432,998 lastInboundActivity=499,743,594,689,658 time=499,783,566,435,456 lastPing=499,763,566,438,904
2024-04-03  01:18:16.199 [MQTT Ping: 5f90d56346835c5deb1e79f9e07baf16_receive] ERROR org.springframework.integration.mqtt.inbound.MqttPahoMessageDrivenChannelAdapter - Lost connection: 等待来自服务器的响应时超时; retrying...
2024-04-03  01:35:28.736 [MQTT Rec: 5f90d56346835c5deb1e79f9e07baf16_receive] ERROR org.springframework.integration.mqtt.inbound.MqttPahoMessageDrivenChannelAdapter - Lost connection: 已断开连接; retrying...
2024-04-03  01:43:50.002 [MQTT Ping: 5f90d56346835c5deb1e79f9e07baf16_receive] ERROR org.eclipse.paho.client.mqttv3.internal.ClientState - 5f90d56346835c5deb1e79f9e07baf16_receive: Timed out as no activity, keepAlive=20,000,000,000 lastOutboundActivity=500,023,595,166,374 lastInboundActivity=500,003,627,968,910 time=500,043,595,221,784 lastPing=500,023,595,172,354
2024-04-03  01:43:50.007 [MQTT Ping: 5f90d56346835c5deb1e79f9e07baf16_receive] ERROR org.springframework.integration.mqtt.inbound.MqttPahoMessageDrivenChannelAdapter - Lost connection: 等待来自服务器的响应时超时; retrying...
2024-04-03  02:02:08.120 [MQTT Rec: 5f90d56346835c5deb1e79f9e07baf16_receive] ERROR org.springframework.integration.mqtt.inbound.MqttPahoMessageDrivenChannelAdapter - Lost connection: 已断开连接; retrying...
2024-04-03  02:21:38.969 [MQTT Rec: 5f90d56346835c5deb1e79f9e07baf16_receive] ERROR org.springframework.integration.mqtt.inbound.MqttPahoMessageDrivenChannelAdapter - Lost connection: 已断开连接; retrying...
2024-04-03  02:40:09.839 [MQTT Rec: 5f90d56346835c5deb1e79f9e07baf16_receive] ERROR org.springframework.integration.mqtt.inbound.MqttPahoMessageDrivenChannelAdapter - Lost connection: 已断开连接; retrying...
2024-04-03  02:44:50.478 [MQTT Ping: 5f90d56346835c5deb1e79f9e07baf16_receive] ERROR org.eclipse.paho.client.mqttv3.internal.ClientState - 5f90d56346835c5deb1e79f9e07baf16_receive: Timed out as no activity, keepAlive=20,000,000,000 lastOutboundActivity=500,663,399,048,718 lastInboundActivity=500,643,432,931,722 time=500,683,399,207,839 lastPing=500,663,399,054,076
2024-04-03  02:44:50.484 [MQTT Ping: 5f90d56346835c5deb1e79f9e07baf16_receive] ERROR org.springframework.integration.mqtt.inbound.MqttPahoMessageDrivenChannelAdapter - Lost connection: 等待来自服务器的响应时超时; retrying...
2024-04-03  03:04:11.532 [MQTT Ping: 5f90d56346835c5deb1e79f9e07baf16_receive] ERROR org.eclipse.paho.client.mqttv3.internal.ClientState - 5f90d56346835c5deb1e79f9e07baf16_receive: Timed out as no activity, keepAlive=20,000,000,000 lastOutboundActivity=500,793,849,831,599 lastInboundActivity=500,773,882,830,321 time=500,813,849,985,035 lastPing=500,793,849,838,224
2024-04-03  03:04:11.538 [MQTT Ping: 5f90d56346835c5deb1e79f9e07baf16_receive] ERROR org.springframework.integration.mqtt.inbound.MqttPahoMessageDrivenChannelAdapter - Lost connection: 等待来自服务器的响应时超时; retrying...
2024-04-03  03:23:41.386 [MQTT Ping: 5f90d56346835c5deb1e79f9e07baf16_receive] ERROR org.eclipse.paho.client.mqttv3.internal.ClientState - 5f90d56346835c5deb1e79f9e07baf16_receive: Timed out as no activity, keepAlive=20,000,000,000 lastOutboundActivity=500,924,314,379,525 lastInboundActivity=500,904,347,536,800 time=500,944,316,557,622 lastPing=500,924,314,384,182
2024-04-03  03:23:41.391 [MQTT Ping: 5f90d56346835c5deb1e79f9e07baf16_receive] ERROR org.springframework.integration.mqtt.inbound.MqttPahoMessageDrivenChannelAdapter - Lost connection: 等待来自服务器的响应时超时; retrying...
2024-04-03  03:44:25.547 [MQTT Ping: 5f90d56346835c5deb1e79f9e07baf16_receive] ERROR org.eclipse.paho.client.mqttv3.internal.ClientState - 5f90d56346835c5deb1e79f9e07baf16_receive: Timed out as no activity, keepAlive=20,000,000,000 lastOutboundActivity=501,174,784,319,190 lastInboundActivity=501,154,885,786,403 time=501,194,790,686,285 lastPing=501,174,784,324,244
2024-04-03  03:44:25.552 [MQTT Ping: 5f90d56346835c5deb1e79f9e07baf16_receive] ERROR org.springframework.integration.mqtt.inbound.MqttPahoMessageDrivenChannelAdapter - Lost connection: 等待来自服务器的响应时超时; retrying...
2024-04-03  04:03:37.482 [MQTT Ping: 5f90d56346835c5deb1e79f9e07baf16_receive] ERROR org.eclipse.paho.client.mqttv3.internal.ClientState - 5f90d56346835c5deb1e79f9e07baf16_receive: Timed out as no activity, keepAlive=20,000,000,000 lastOutboundActivity=501,305,219,111,820 lastInboundActivity=501,285,245,469,469 time=501,325,226,948,172 lastPing=501,305,219,116,879
2024-04-03  04:03:37.488 [MQTT Ping: 5f90d56346835c5deb1e79f9e07baf16_receive] ERROR org.springframework.integration.mqtt.inbound.MqttPahoMessageDrivenChannelAdapter - Lost connection: 等待来自服务器的响应时超时; retrying...
2024-04-03  04:22:14.633 [MQTT Ping: 5f90d56346835c5deb1e79f9e07baf16_receive] ERROR org.eclipse.paho.client.mqttv3.internal.ClientState - 5f90d56346835c5deb1e79f9e07baf16_receive: Timed out as no activity, keepAlive=20,000,000,000 lastOutboundActivity=501,416,131,420,330 lastInboundActivity=501,395,681,354,048 time=501,436,137,197,262 lastPing=501,416,131,426,477
2024-04-03  04:22:14.639 [MQTT Ping: 5f90d56346835c5deb1e79f9e07baf16_receive] ERROR org.springframework.integration.mqtt.inbound.MqttPahoMessageDrivenChannelAdapter - Lost connection: 等待来自服务器的响应时超时; retrying...
2024-04-03  04:41:40.354 [MQTT Ping: 5f90d56346835c5deb1e79f9e07baf16_receive] ERROR org.eclipse.paho.client.mqttv3.internal.ClientState - 5f90d56346835c5deb1e79f9e07baf16_receive: Timed out as no activity, keepAlive=20,000,000,000 lastOutboundActivity=501,546,572,325,437 lastInboundActivity=501,526,608,583,384 time=501,566,600,841,807 lastPing=501,546,572,326,582
2024-04-03  04:41:40.359 [MQTT Ping: 5f90d56346835c5deb1e79f9e07baf16_receive] ERROR org.springframework.integration.mqtt.inbound.MqttPahoMessageDrivenChannelAdapter - Lost connection: 等待来自服务器的响应时超时; retrying...
2024-04-03  04:45:43.477 [MQTT Ping: 5f90d56346835c5deb1e79f9e07baf16_receive] ERROR org.eclipse.paho.client.mqttv3.internal.ClientState - 5f90d56346835c5deb1e79f9e07baf16_receive: Timed out as no activity, keepAlive=20,000,000,000 lastOutboundActivity=501,677,055,475,869 lastInboundActivity=501,657,089,806,397 time=501,697,056,071,170 lastPing=501,677,055,479,484
2024-04-03  04:45:43.482 [MQTT Ping: 5f90d56346835c5deb1e79f9e07baf16_receive] ERROR org.springframework.integration.mqtt.inbound.MqttPahoMessageDrivenChannelAdapter - Lost connection: 等待来自服务器的响应时超时; retrying...
2024-04-03  05:04:11.303 [MQTT Ping: 5f90d56346835c5deb1e79f9e07baf16_receive] ERROR org.eclipse.paho.client.mqttv3.internal.ClientState - 5f90d56346835c5deb1e79f9e07baf16_receive: Timed out as no activity, keepAlive=20,000,000,000 lastOutboundActivity=501,807,490,910,289 lastInboundActivity=501,787,516,043,472 time=501,827,508,876,478 lastPing=501,807,490,913,872
2024-04-03  05:04:11.309 [MQTT Ping: 5f90d56346835c5deb1e79f9e07baf16_receive] ERROR org.springframework.integration.mqtt.inbound.MqttPahoMessageDrivenChannelAdapter - Lost connection: 等待来自服务器的响应时超时; retrying...
2024-04-03  05:23:14.949 [MQTT Ping: 5f90d56346835c5deb1e79f9e07baf16_receive] ERROR org.eclipse.paho.client.mqttv3.internal.ClientState - 5f90d56346835c5deb1e79f9e07baf16_receive: Timed out as no activity, keepAlive=20,000,000,000 lastOutboundActivity=501,937,951,199,427 lastInboundActivity=501,917,980,358,140 time=501,957,959,060,577 lastPing=501,937,951,203,038
2024-04-03  05:23:14.955 [MQTT Ping: 5f90d56346835c5deb1e79f9e07baf16_receive] ERROR org.springframework.integration.mqtt.inbound.MqttPahoMessageDrivenChannelAdapter - Lost connection: 等待来自服务器的响应时超时; retrying...
2024-04-03  05:40:32.932 [MQTT Ping: 5f90d56346835c5deb1e79f9e07baf16_receive] ERROR org.eclipse.paho.client.mqttv3.internal.ClientState - 5f90d56346835c5deb1e79f9e07baf16_receive: Timed out as no activity, keepAlive=20,000,000,000 lastOutboundActivity=502,068,403,904,589 lastInboundActivity=502,048,439,368,837 time=502,088,407,022,519 lastPing=502,068,403,910,103
2024-04-03  05:40:32.938 [MQTT Ping: 5f90d56346835c5deb1e79f9e07baf16_receive] ERROR org.springframework.integration.mqtt.inbound.MqttPahoMessageDrivenChannelAdapter - Lost connection: 等待来自服务器的响应时超时; retrying...
2024-04-03  05:46:52.535 [MQTT Rec: 5f90d56346835c5deb1e79f9e07baf16_receive] ERROR org.springframework.integration.mqtt.inbound.MqttPahoMessageDrivenChannelAdapter - Lost connection: 已断开连接; retrying...
2024-04-03  05:58:49.479 [MQTT Rec: 5f90d56346835c5deb1e79f9e07baf16_receive] ERROR org.springframework.integration.mqtt.inbound.MqttPahoMessageDrivenChannelAdapter - Lost connection: 已断开连接; retrying...
2024-04-03  06:24:25.350 [MQTT Rec: 5f90d56346835c5deb1e79f9e07baf16_receive] ERROR org.springframework.integration.mqtt.inbound.MqttPahoMessageDrivenChannelAdapter - Lost connection: 已断开连接; retrying...
2024-04-03  06:47:48.520 [MQTT Ping: 5f90d56346835c5deb1e79f9e07baf16_receive] ERROR org.eclipse.paho.client.mqttv3.internal.ClientState - 5f90d56346835c5deb1e79f9e07baf16_receive: Timed out as no activity, keepAlive=20,000,000,000 lastOutboundActivity=503,948,250,842,070 lastInboundActivity=503,928,284,752,457 time=503,968,251,617,843 lastPing=503,948,250,844,057
2024-04-03  06:47:48.525 [MQTT Ping: 5f90d56346835c5deb1e79f9e07baf16_receive] ERROR org.springframework.integration.mqtt.inbound.MqttPahoMessageDrivenChannelAdapter - Lost connection: 等待来自服务器的响应时超时; retrying...
2024-04-03  07:05:20.199 [MQTT Ping: 5f90d56346835c5deb1e79f9e07baf16_receive] ERROR org.eclipse.paho.client.mqttv3.internal.ClientState - 5f90d56346835c5deb1e79f9e07baf16_receive: Timed out as no activity, keepAlive=20,000,000,000 lastOutboundActivity=504,078,688,389,617 lastInboundActivity=504,058,916,420,192 time=504,098,690,491,503 lastPing=504,078,688,394,174
2024-04-03  07:05:20.204 [MQTT Ping: 5f90d56346835c5deb1e79f9e07baf16_receive] ERROR org.springframework.integration.mqtt.inbound.MqttPahoMessageDrivenChannelAdapter - Lost connection: 等待来自服务器的响应时超时; retrying...
2024-04-03  07:24:12.175 [MQTT Ping: 5f90d56346835c5deb1e79f9e07baf16_receive] ERROR org.eclipse.paho.client.mqttv3.internal.ClientState - 5f90d56346835c5deb1e79f9e07baf16_receive: Timed out as no activity, keepAlive=20,000,000,000 lastOutboundActivity=504,209,132,784,233 lastInboundActivity=504,189,158,429,987 time=504,229,139,004,663 lastPing=504,209,132,787,956
2024-04-03  07:24:12.180 [MQTT Ping: 5f90d56346835c5deb1e79f9e07baf16_receive] ERROR org.springframework.integration.mqtt.inbound.MqttPahoMessageDrivenChannelAdapter - Lost connection: 等待来自服务器的响应时超时; retrying...
2024-04-03  07:43:04.963 [MQTT Ping: 5f90d56346835c5deb1e79f9e07baf16_receive] ERROR org.eclipse.paho.client.mqttv3.internal.ClientState - 5f90d56346835c5deb1e79f9e07baf16_receive: Timed out as no activity, keepAlive=20,000,000,000 lastOutboundActivity=504,339,606,910,486 lastInboundActivity=504,319,640,404,814 time=504,359,641,226,382 lastPing=504,339,606,911,754
2024-04-03  07:43:04.971 [MQTT Ping: 5f90d56346835c5deb1e79f9e07baf16_receive] ERROR org.springframework.integration.mqtt.inbound.MqttPahoMessageDrivenChannelAdapter - Lost connection: 等待来自服务器的响应时超时; retrying...
2024-04-03  07:48:48.322 [MQTT Ping: 5f90d56346835c5deb1e79f9e07baf16_receive] ERROR org.eclipse.paho.client.mqttv3.internal.ClientState - 5f90d56346835c5deb1e79f9e07baf16_receive: Timed out as no activity, keepAlive=20,000,000,000 lastOutboundActivity=504,470,082,478,631 lastInboundActivity=504,450,117,773,673 time=504,490,087,747,308 lastPing=504,470,082,482,504
2024-04-03  07:48:48.330 [MQTT Ping: 5f90d56346835c5deb1e79f9e07baf16_receive] ERROR org.springframework.integration.mqtt.inbound.MqttPahoMessageDrivenChannelAdapter - Lost connection: 等待来自服务器的响应时超时; retrying...
2024-04-03  08:08:44.251 [MQTT Ping: 5f90d56346835c5deb1e79f9e07baf16_receive] ERROR org.eclipse.paho.client.mqttv3.internal.ClientState - 5f90d56346835c5deb1e79f9e07baf16_receive: Timed out as no activity, keepAlive=20,000,000,000 lastOutboundActivity=504,600,543,078,907 lastInboundActivity=504,580,572,725,576 time=504,620,548,202,322 lastPing=504,600,543,083,497
2024-04-03  08:08:44.257 [MQTT Ping: 5f90d56346835c5deb1e79f9e07baf16_receive] ERROR org.springframework.integration.mqtt.inbound.MqttPahoMessageDrivenChannelAdapter - Lost connection: 等待来自服务器的响应时超时; retrying...
2024-04-03  08:26:52.395 [MQTT Ping: 5f90d56346835c5deb1e79f9e07baf16_receive] ERROR org.eclipse.paho.client.mqttv3.internal.ClientState - 5f90d56346835c5deb1e79f9e07baf16_receive: Timed out as no activity, keepAlive=20,000,000,000 lastOutboundActivity=504,731,010,103,229 lastInboundActivity=504,711,053,890,805 time=504,751,019,738,274 lastPing=504,731,010,112,014
2024-04-03  08:26:52.401 [MQTT Ping: 5f90d56346835c5deb1e79f9e07baf16_receive] ERROR org.springframework.integration.mqtt.inbound.MqttPahoMessageDrivenChannelAdapter - Lost connection: 等待来自服务器的响应时超时; retrying...
2024-04-03  08:44:15.109 [MQTT Ping: 5f90d56346835c5deb1e79f9e07baf16_receive] ERROR org.eclipse.paho.client.mqttv3.internal.ClientState - 5f90d56346835c5deb1e79f9e07baf16_receive: Timed out as no activity, keepAlive=20,000,000,000 lastOutboundActivity=504,861,510,036,907 lastInboundActivity=504,841,544,421,214 time=504,881,509,940,147 lastPing=504,861,510,040,627
2024-04-03  08:44:15.117 [MQTT Ping: 5f90d56346835c5deb1e79f9e07baf16_receive] ERROR org.springframework.integration.mqtt.inbound.MqttPahoMessageDrivenChannelAdapter - Lost connection: 等待来自服务器的响应时超时; retrying...
2024-04-03  10:34:54.764 [main] ERROR com.cetiti.expression.ExpressionParserUtils - 数值表达式执行异常
com.googlecode.aviator.exception.ExpressionSyntaxErrorException: Syntax error: illegal identifier: 1_string类型 at 17, lineNumber: 1, token : [type='variable',lexeme='自定义内容1.1_string类型',index=0],
while parsing expression: `
自定义内容1.1_string类型^^^
`
	at com.googlecode.aviator.AviatorEvaluatorInstance.innerCompile(AviatorEvaluatorInstance.java:1505)
	at com.googlecode.aviator.AviatorEvaluatorInstance.compile(AviatorEvaluatorInstance.java:1468)
	at com.googlecode.aviator.AviatorEvaluatorInstance.compile(AviatorEvaluatorInstance.java:1426)
	at com.googlecode.aviator.AviatorEvaluatorInstance.execute(AviatorEvaluatorInstance.java:1625)
	at com.googlecode.aviator.AviatorEvaluatorInstance.execute(AviatorEvaluatorInstance.java:1642)
	at com.googlecode.aviator.AviatorEvaluatorInstance.execute(AviatorEvaluatorInstance.java:1653)
	at com.googlecode.aviator.AviatorEvaluator.execute(AviatorEvaluator.java:570)
	at com.cetiti.expression.ExpressionParserUtils.expressionParsingExecution(ExpressionParserUtils.java:53)
	at com.cetiti.expression.ExpressionParserUtils.main(ExpressionParserUtils.java:349)
2024-04-03  15:05:31.823 [http-nio-8888-exec-1] ERROR com.cetiti.config.GlobalExceptionHandler - 系统异常: 
org.springframework.web.bind.MethodArgumentNotValidException: Validation failed for argument [0] in public com.cetiti.constant.BaseJson<java.lang.String> com.cetiti.controller.TestSequenceController.saveTestSequence(com.cetiti.request.TestSequenceSaveRequest): [Field error in object 'testSequenceSaveRequest' on field 'stepList': rejected value [[]]; codes [NotEmpty.testSequenceSaveRequest.stepList,NotEmpty.stepList,NotEmpty.java.util.List,NotEmpty]; arguments [org.springframework.context.support.DefaultMessageSourceResolvable: codes [testSequenceSaveRequest.stepList,stepList]; arguments []; default message [stepList]]; default message [步骤不可为空]] 
	at org.springframework.web.servlet.mvc.method.annotation.RequestResponseBodyMethodProcessor.resolveArgument(RequestResponseBodyMethodProcessor.java:141)
	at org.springframework.web.method.support.HandlerMethodArgumentResolverComposite.resolveArgument(HandlerMethodArgumentResolverComposite.java:122)
	at org.springframework.web.method.support.InvocableHandlerMethod.getMethodArgumentValues(InvocableHandlerMethod.java:179)
	at org.springframework.web.method.support.InvocableHandlerMethod.invokeForRequest(InvocableHandlerMethod.java:146)
	at org.springframework.web.servlet.mvc.method.annotation.ServletInvocableHandlerMethod.invokeAndHandle(ServletInvocableHandlerMethod.java:117)
	at org.springframework.web.servlet.mvc.method.annotation.RequestMappingHandlerAdapter.invokeHandlerMethod(RequestMappingHandlerAdapter.java:895)
	at org.springframework.web.servlet.mvc.method.annotation.RequestMappingHandlerAdapter.handleInternal(RequestMappingHandlerAdapter.java:808)
	at org.springframework.web.servlet.mvc.method.AbstractHandlerMethodAdapter.handle(AbstractHandlerMethodAdapter.java:87)
	at org.springframework.web.servlet.DispatcherServlet.doDispatch(DispatcherServlet.java:1067)
	at org.springframework.web.servlet.DispatcherServlet.doService(DispatcherServlet.java:963)
	at org.springframework.web.servlet.FrameworkServlet.processRequest(FrameworkServlet.java:1006)
	at org.springframework.web.servlet.FrameworkServlet.doPost(FrameworkServlet.java:909)
	at javax.servlet.http.HttpServlet.service(HttpServlet.java:681)
	at org.springframework.web.servlet.FrameworkServlet.service(FrameworkServlet.java:883)
	at javax.servlet.http.HttpServlet.service(HttpServlet.java:764)
	at org.apache.catalina.core.ApplicationFilterChain.internalDoFilter(ApplicationFilterChain.java:227)
	at org.apache.catalina.core.ApplicationFilterChain.doFilter(ApplicationFilterChain.java:162)
	at org.apache.tomcat.websocket.server.WsFilter.doFilter(WsFilter.java:53)
	at org.apache.catalina.core.ApplicationFilterChain.internalDoFilter(ApplicationFilterChain.java:189)
	at org.apache.catalina.core.ApplicationFilterChain.doFilter(ApplicationFilterChain.java:162)
	at org.springframework.web.filter.CharacterEncodingFilter.doFilterInternal(CharacterEncodingFilter.java:201)
	at org.springframework.web.filter.OncePerRequestFilter.doFilter(OncePerRequestFilter.java:117)
	at org.apache.catalina.core.ApplicationFilterChain.internalDoFilter(ApplicationFilterChain.java:189)
	at org.apache.catalina.core.ApplicationFilterChain.doFilter(ApplicationFilterChain.java:162)
	at org.apache.catalina.core.StandardWrapperValve.invoke(StandardWrapperValve.java:197)
	at org.apache.catalina.core.StandardContextValve.invoke(StandardContextValve.java:97)
	at org.apache.catalina.authenticator.AuthenticatorBase.invoke(AuthenticatorBase.java:541)
	at org.apache.catalina.core.StandardHostValve.invoke(StandardHostValve.java:135)
	at org.apache.catalina.valves.ErrorReportValve.invoke(ErrorReportValve.java:92)
	at org.apache.catalina.core.StandardEngineValve.invoke(StandardEngineValve.java:78)
	at org.apache.catalina.connector.CoyoteAdapter.service(CoyoteAdapter.java:360)
	at org.apache.coyote.http11.Http11Processor.service(Http11Processor.java:399)
	at org.apache.coyote.AbstractProcessorLight.process(AbstractProcessorLight.java:65)
	at org.apache.coyote.AbstractProtocol$ConnectionHandler.process(AbstractProtocol.java:890)
	at org.apache.tomcat.util.net.NioEndpoint$SocketProcessor.doRun(NioEndpoint.java:1787)
	at org.apache.tomcat.util.net.SocketProcessorBase.run(SocketProcessorBase.java:49)
	at org.apache.tomcat.util.threads.ThreadPoolExecutor.runWorker(ThreadPoolExecutor.java:1191)
	at org.apache.tomcat.util.threads.ThreadPoolExecutor$Worker.run(ThreadPoolExecutor.java:659)
	at org.apache.tomcat.util.threads.TaskThread$WrappingRunnable.run(TaskThread.java:61)
	at java.base/java.lang.Thread.run(Thread.java:829)
2024-04-03  15:07:57.223 [http-nio-8888-exec-2] ERROR com.cetiti.config.GlobalExceptionHandler - 系统异常: 
org.springframework.web.bind.MethodArgumentNotValidException: Validation failed for argument [0] in public com.cetiti.constant.BaseJson<java.lang.String> com.cetiti.controller.TestSequenceController.saveTestSequence(com.cetiti.request.TestSequenceSaveRequest): [Field error in object 'testSequenceSaveRequest' on field 'stepList': rejected value [[]]; codes [NotEmpty.testSequenceSaveRequest.stepList,NotEmpty.stepList,NotEmpty.java.util.List,NotEmpty]; arguments [org.springframework.context.support.DefaultMessageSourceResolvable: codes [testSequenceSaveRequest.stepList,stepList]; arguments []; default message [stepList]]; default message [步骤不可为空]] 
	at org.springframework.web.servlet.mvc.method.annotation.RequestResponseBodyMethodProcessor.resolveArgument(RequestResponseBodyMethodProcessor.java:141)
	at org.springframework.web.method.support.HandlerMethodArgumentResolverComposite.resolveArgument(HandlerMethodArgumentResolverComposite.java:122)
	at org.springframework.web.method.support.InvocableHandlerMethod.getMethodArgumentValues(InvocableHandlerMethod.java:179)
	at org.springframework.web.method.support.InvocableHandlerMethod.invokeForRequest(InvocableHandlerMethod.java:146)
	at org.springframework.web.servlet.mvc.method.annotation.ServletInvocableHandlerMethod.invokeAndHandle(ServletInvocableHandlerMethod.java:117)
	at org.springframework.web.servlet.mvc.method.annotation.RequestMappingHandlerAdapter.invokeHandlerMethod(RequestMappingHandlerAdapter.java:895)
	at org.springframework.web.servlet.mvc.method.annotation.RequestMappingHandlerAdapter.handleInternal(RequestMappingHandlerAdapter.java:808)
	at org.springframework.web.servlet.mvc.method.AbstractHandlerMethodAdapter.handle(AbstractHandlerMethodAdapter.java:87)
	at org.springframework.web.servlet.DispatcherServlet.doDispatch(DispatcherServlet.java:1067)
	at org.springframework.web.servlet.DispatcherServlet.doService(DispatcherServlet.java:963)
	at org.springframework.web.servlet.FrameworkServlet.processRequest(FrameworkServlet.java:1006)
	at org.springframework.web.servlet.FrameworkServlet.doPost(FrameworkServlet.java:909)
	at javax.servlet.http.HttpServlet.service(HttpServlet.java:681)
	at org.springframework.web.servlet.FrameworkServlet.service(FrameworkServlet.java:883)
	at javax.servlet.http.HttpServlet.service(HttpServlet.java:764)
	at org.apache.catalina.core.ApplicationFilterChain.internalDoFilter(ApplicationFilterChain.java:227)
	at org.apache.catalina.core.ApplicationFilterChain.doFilter(ApplicationFilterChain.java:162)
	at org.apache.tomcat.websocket.server.WsFilter.doFilter(WsFilter.java:53)
	at org.apache.catalina.core.ApplicationFilterChain.internalDoFilter(ApplicationFilterChain.java:189)
	at org.apache.catalina.core.ApplicationFilterChain.doFilter(ApplicationFilterChain.java:162)
	at org.springframework.web.filter.CharacterEncodingFilter.doFilterInternal(CharacterEncodingFilter.java:201)
	at org.springframework.web.filter.OncePerRequestFilter.doFilter(OncePerRequestFilter.java:117)
	at org.apache.catalina.core.ApplicationFilterChain.internalDoFilter(ApplicationFilterChain.java:189)
	at org.apache.catalina.core.ApplicationFilterChain.doFilter(ApplicationFilterChain.java:162)
	at org.apache.catalina.core.StandardWrapperValve.invoke(StandardWrapperValve.java:197)
	at org.apache.catalina.core.StandardContextValve.invoke(StandardContextValve.java:97)
	at org.apache.catalina.authenticator.AuthenticatorBase.invoke(AuthenticatorBase.java:541)
	at org.apache.catalina.core.StandardHostValve.invoke(StandardHostValve.java:135)
	at org.apache.catalina.valves.ErrorReportValve.invoke(ErrorReportValve.java:92)
	at org.apache.catalina.core.StandardEngineValve.invoke(StandardEngineValve.java:78)
	at org.apache.catalina.connector.CoyoteAdapter.service(CoyoteAdapter.java:360)
	at org.apache.coyote.http11.Http11Processor.service(Http11Processor.java:399)
	at org.apache.coyote.AbstractProcessorLight.process(AbstractProcessorLight.java:65)
	at org.apache.coyote.AbstractProtocol$ConnectionHandler.process(AbstractProtocol.java:890)
	at org.apache.tomcat.util.net.NioEndpoint$SocketProcessor.doRun(NioEndpoint.java:1787)
	at org.apache.tomcat.util.net.SocketProcessorBase.run(SocketProcessorBase.java:49)
	at org.apache.tomcat.util.threads.ThreadPoolExecutor.runWorker(ThreadPoolExecutor.java:1191)
	at org.apache.tomcat.util.threads.ThreadPoolExecutor$Worker.run(ThreadPoolExecutor.java:659)
	at org.apache.tomcat.util.threads.TaskThread$WrappingRunnable.run(TaskThread.java:61)
	at java.base/java.lang.Thread.run(Thread.java:829)
2024-04-03  15:09:32.953 [MQTT Ping: a4a516638203bb45ff89832ee4a2e379_receive] ERROR org.eclipse.paho.client.mqttv3.internal.ClientState - a4a516638203bb45ff89832ee4a2e379_receive: Timed out as no write activity, keepAlive=20,000,000,000 lastOutboundActivity=6,519,534,470,730 lastInboundActivity=6,519,569,468,076 time=6,631,287,133,927 lastPing=6,519,534,480,134
2024-04-03  15:09:32.963 [MQTT Rec: a4a516638203bb45ff89832ee4a2e379_receive] ERROR org.springframework.integration.mqtt.inbound.MqttPahoMessageDrivenChannelAdapter - Lost connection: 已断开连接; retrying...
2024-04-03  15:22:43.042 [http-nio-8888-exec-1] ERROR com.cetiti.config.GlobalExceptionHandler - 检验异常: 
org.springframework.web.bind.MethodArgumentNotValidException: Validation failed for argument [0] in public com.cetiti.constant.BaseJson<java.lang.String> com.cetiti.controller.TestSequenceController.saveTestSequence(com.cetiti.request.TestSequenceSaveRequest): [Field error in object 'testSequenceSaveRequest' on field 'stepList': rejected value [[]]; codes [NotEmpty.testSequenceSaveRequest.stepList,NotEmpty.stepList,NotEmpty.java.util.List,NotEmpty]; arguments [org.springframework.context.support.DefaultMessageSourceResolvable: codes [testSequenceSaveRequest.stepList,stepList]; arguments []; default message [stepList]]; default message [步骤不可为空]] 
	at org.springframework.web.servlet.mvc.method.annotation.RequestResponseBodyMethodProcessor.resolveArgument(RequestResponseBodyMethodProcessor.java:141)
	at org.springframework.web.method.support.HandlerMethodArgumentResolverComposite.resolveArgument(HandlerMethodArgumentResolverComposite.java:122)
	at org.springframework.web.method.support.InvocableHandlerMethod.getMethodArgumentValues(InvocableHandlerMethod.java:179)
	at org.springframework.web.method.support.InvocableHandlerMethod.invokeForRequest(InvocableHandlerMethod.java:146)
	at org.springframework.web.servlet.mvc.method.annotation.ServletInvocableHandlerMethod.invokeAndHandle(ServletInvocableHandlerMethod.java:117)
	at org.springframework.web.servlet.mvc.method.annotation.RequestMappingHandlerAdapter.invokeHandlerMethod(RequestMappingHandlerAdapter.java:895)
	at org.springframework.web.servlet.mvc.method.annotation.RequestMappingHandlerAdapter.handleInternal(RequestMappingHandlerAdapter.java:808)
	at org.springframework.web.servlet.mvc.method.AbstractHandlerMethodAdapter.handle(AbstractHandlerMethodAdapter.java:87)
	at org.springframework.web.servlet.DispatcherServlet.doDispatch(DispatcherServlet.java:1067)
	at org.springframework.web.servlet.DispatcherServlet.doService(DispatcherServlet.java:963)
	at org.springframework.web.servlet.FrameworkServlet.processRequest(FrameworkServlet.java:1006)
	at org.springframework.web.servlet.FrameworkServlet.doPost(FrameworkServlet.java:909)
	at javax.servlet.http.HttpServlet.service(HttpServlet.java:681)
	at org.springframework.web.servlet.FrameworkServlet.service(FrameworkServlet.java:883)
	at javax.servlet.http.HttpServlet.service(HttpServlet.java:764)
	at org.apache.catalina.core.ApplicationFilterChain.internalDoFilter(ApplicationFilterChain.java:227)
	at org.apache.catalina.core.ApplicationFilterChain.doFilter(ApplicationFilterChain.java:162)
	at org.apache.tomcat.websocket.server.WsFilter.doFilter(WsFilter.java:53)
	at org.apache.catalina.core.ApplicationFilterChain.internalDoFilter(ApplicationFilterChain.java:189)
	at org.apache.catalina.core.ApplicationFilterChain.doFilter(ApplicationFilterChain.java:162)
	at org.springframework.web.filter.CharacterEncodingFilter.doFilterInternal(CharacterEncodingFilter.java:201)
	at org.springframework.web.filter.OncePerRequestFilter.doFilter(OncePerRequestFilter.java:117)
	at org.apache.catalina.core.ApplicationFilterChain.internalDoFilter(ApplicationFilterChain.java:189)
	at org.apache.catalina.core.ApplicationFilterChain.doFilter(ApplicationFilterChain.java:162)
	at org.apache.catalina.core.StandardWrapperValve.invoke(StandardWrapperValve.java:197)
	at org.apache.catalina.core.StandardContextValve.invoke(StandardContextValve.java:97)
	at org.apache.catalina.authenticator.AuthenticatorBase.invoke(AuthenticatorBase.java:541)
	at org.apache.catalina.core.StandardHostValve.invoke(StandardHostValve.java:135)
	at org.apache.catalina.valves.ErrorReportValve.invoke(ErrorReportValve.java:92)
	at org.apache.catalina.core.StandardEngineValve.invoke(StandardEngineValve.java:78)
	at org.apache.catalina.connector.CoyoteAdapter.service(CoyoteAdapter.java:360)
	at org.apache.coyote.http11.Http11Processor.service(Http11Processor.java:399)
	at org.apache.coyote.AbstractProcessorLight.process(AbstractProcessorLight.java:65)
	at org.apache.coyote.AbstractProtocol$ConnectionHandler.process(AbstractProtocol.java:890)
	at org.apache.tomcat.util.net.NioEndpoint$SocketProcessor.doRun(NioEndpoint.java:1787)
	at org.apache.tomcat.util.net.SocketProcessorBase.run(SocketProcessorBase.java:49)
	at org.apache.tomcat.util.threads.ThreadPoolExecutor.runWorker(ThreadPoolExecutor.java:1191)
	at org.apache.tomcat.util.threads.ThreadPoolExecutor$Worker.run(ThreadPoolExecutor.java:659)
	at org.apache.tomcat.util.threads.TaskThread$WrappingRunnable.run(TaskThread.java:61)
	at java.base/java.lang.Thread.run(Thread.java:829)
2024-04-03  15:22:43.075 [http-nio-8888-exec-1] WARN  o.s.web.servlet.mvc.method.annotation.ExceptionHandlerExceptionResolver - Failure in @ExceptionHandler com.cetiti.config.GlobalExceptionHandler#handleBindExceptions(BindException)
org.springframework.http.converter.HttpMessageConversionException: Type definition error: [simple type, class org.springframework.validation.DefaultMessageCodesResolver]; nested exception is com.fasterxml.jackson.databind.exc.InvalidDefinitionException: No serializer found for class org.springframework.validation.DefaultMessageCodesResolver and no properties discovered to create BeanSerializer (to avoid exception, disable SerializationFeature.FAIL_ON_EMPTY_BEANS) (through reference chain: com.cetiti.constant.BaseJson["data"]->org.springframework.validation.BeanPropertyBindingResult["messageCodesResolver"])
	at org.springframework.http.converter.json.AbstractJackson2HttpMessageConverter.writeInternal(AbstractJackson2HttpMessageConverter.java:462)
	at org.springframework.http.converter.AbstractGenericHttpMessageConverter.write(AbstractGenericHttpMessageConverter.java:104)
	at org.springframework.web.servlet.mvc.method.annotation.AbstractMessageConverterMethodProcessor.writeWithMessageConverters(AbstractMessageConverterMethodProcessor.java:290)
	at org.springframework.web.servlet.mvc.method.annotation.HttpEntityMethodProcessor.handleReturnValue(HttpEntityMethodProcessor.java:219)
	at org.springframework.web.method.support.HandlerMethodReturnValueHandlerComposite.handleReturnValue(HandlerMethodReturnValueHandlerComposite.java:78)
	at org.springframework.web.servlet.mvc.method.annotation.ServletInvocableHandlerMethod.invokeAndHandle(ServletInvocableHandlerMethod.java:135)
	at org.springframework.web.servlet.mvc.method.annotation.ExceptionHandlerExceptionResolver.doResolveHandlerMethodException(ExceptionHandlerExceptionResolver.java:428)
	at org.springframework.web.servlet.handler.AbstractHandlerMethodExceptionResolver.doResolveException(AbstractHandlerMethodExceptionResolver.java:75)
	at org.springframework.web.servlet.handler.AbstractHandlerExceptionResolver.resolveException(AbstractHandlerExceptionResolver.java:142)
	at org.springframework.web.servlet.handler.HandlerExceptionResolverComposite.resolveException(HandlerExceptionResolverComposite.java:80)
	at org.springframework.web.servlet.DispatcherServlet.processHandlerException(DispatcherServlet.java:1327)
	at org.springframework.web.servlet.DispatcherServlet.processDispatchResult(DispatcherServlet.java:1138)
	at org.springframework.web.servlet.DispatcherServlet.doDispatch(DispatcherServlet.java:1084)
	at org.springframework.web.servlet.DispatcherServlet.doService(DispatcherServlet.java:963)
	at org.springframework.web.servlet.FrameworkServlet.processRequest(FrameworkServlet.java:1006)
	at org.springframework.web.servlet.FrameworkServlet.doPost(FrameworkServlet.java:909)
	at javax.servlet.http.HttpServlet.service(HttpServlet.java:681)
	at org.springframework.web.servlet.FrameworkServlet.service(FrameworkServlet.java:883)
	at javax.servlet.http.HttpServlet.service(HttpServlet.java:764)
	at org.apache.catalina.core.ApplicationFilterChain.internalDoFilter(ApplicationFilterChain.java:227)
	at org.apache.catalina.core.ApplicationFilterChain.doFilter(ApplicationFilterChain.java:162)
	at org.apache.tomcat.websocket.server.WsFilter.doFilter(WsFilter.java:53)
	at org.apache.catalina.core.ApplicationFilterChain.internalDoFilter(ApplicationFilterChain.java:189)
	at org.apache.catalina.core.ApplicationFilterChain.doFilter(ApplicationFilterChain.java:162)
	at org.springframework.web.filter.CharacterEncodingFilter.doFilterInternal(CharacterEncodingFilter.java:201)
	at org.springframework.web.filter.OncePerRequestFilter.doFilter(OncePerRequestFilter.java:117)
	at org.apache.catalina.core.ApplicationFilterChain.internalDoFilter(ApplicationFilterChain.java:189)
	at org.apache.catalina.core.ApplicationFilterChain.doFilter(ApplicationFilterChain.java:162)
	at org.apache.catalina.core.StandardWrapperValve.invoke(StandardWrapperValve.java:197)
	at org.apache.catalina.core.StandardContextValve.invoke(StandardContextValve.java:97)
	at org.apache.catalina.authenticator.AuthenticatorBase.invoke(AuthenticatorBase.java:541)
	at org.apache.catalina.core.StandardHostValve.invoke(StandardHostValve.java:135)
	at org.apache.catalina.valves.ErrorReportValve.invoke(ErrorReportValve.java:92)
	at org.apache.catalina.core.StandardEngineValve.invoke(StandardEngineValve.java:78)
	at org.apache.catalina.connector.CoyoteAdapter.service(CoyoteAdapter.java:360)
	at org.apache.coyote.http11.Http11Processor.service(Http11Processor.java:399)
	at org.apache.coyote.AbstractProcessorLight.process(AbstractProcessorLight.java:65)
	at org.apache.coyote.AbstractProtocol$ConnectionHandler.process(AbstractProtocol.java:890)
	at org.apache.tomcat.util.net.NioEndpoint$SocketProcessor.doRun(NioEndpoint.java:1787)
	at org.apache.tomcat.util.net.SocketProcessorBase.run(SocketProcessorBase.java:49)
	at org.apache.tomcat.util.threads.ThreadPoolExecutor.runWorker(ThreadPoolExecutor.java:1191)
	at org.apache.tomcat.util.threads.ThreadPoolExecutor$Worker.run(ThreadPoolExecutor.java:659)
	at org.apache.tomcat.util.threads.TaskThread$WrappingRunnable.run(TaskThread.java:61)
	at java.base/java.lang.Thread.run(Thread.java:829)
Caused by: com.fasterxml.jackson.databind.exc.InvalidDefinitionException: No serializer found for class org.springframework.validation.DefaultMessageCodesResolver and no properties discovered to create BeanSerializer (to avoid exception, disable SerializationFeature.FAIL_ON_EMPTY_BEANS) (through reference chain: com.cetiti.constant.BaseJson["data"]->org.springframework.validation.BeanPropertyBindingResult["messageCodesResolver"])
	at com.fasterxml.jackson.databind.exc.InvalidDefinitionException.from(InvalidDefinitionException.java:77)
	at com.fasterxml.jackson.databind.SerializerProvider.reportBadDefinition(SerializerProvider.java:1300)
	at com.fasterxml.jackson.databind.DatabindContext.reportBadDefinition(DatabindContext.java:400)
	at com.fasterxml.jackson.databind.ser.impl.UnknownSerializer.failForEmpty(UnknownSerializer.java:46)
	at com.fasterxml.jackson.databind.ser.impl.UnknownSerializer.serialize(UnknownSerializer.java:29)
	at com.fasterxml.jackson.databind.ser.BeanPropertyWriter.serializeAsField(BeanPropertyWriter.java:728)
	at com.fasterxml.jackson.databind.ser.std.BeanSerializerBase.serializeFields(BeanSerializerBase.java:774)
	at com.fasterxml.jackson.databind.ser.BeanSerializer.serialize(BeanSerializer.java:178)
	at com.fasterxml.jackson.databind.ser.BeanPropertyWriter.serializeAsField(BeanPropertyWriter.java:728)
	at com.fasterxml.jackson.databind.ser.std.BeanSerializerBase.serializeFields(BeanSerializerBase.java:774)
	at com.fasterxml.jackson.databind.ser.BeanSerializer.serialize(BeanSerializer.java:178)
	at com.fasterxml.jackson.databind.ser.DefaultSerializerProvider._serialize(DefaultSerializerProvider.java:480)
	at com.fasterxml.jackson.databind.ser.DefaultSerializerProvider.serializeValue(DefaultSerializerProvider.java:319)
	at com.fasterxml.jackson.databind.ObjectWriter$Prefetch.serialize(ObjectWriter.java:1518)
	at com.fasterxml.jackson.databind.ObjectWriter.writeValue(ObjectWriter.java:1007)
	at org.springframework.http.converter.json.AbstractJackson2HttpMessageConverter.writeInternal(AbstractJackson2HttpMessageConverter.java:456)
	... 43 common frames omitted
2024-04-03  15:22:43.078 [http-nio-8888-exec-1] WARN  org.springframework.web.servlet.mvc.support.DefaultHandlerExceptionResolver - Resolved [org.springframework.web.bind.MethodArgumentNotValidException: Validation failed for argument [0] in public com.cetiti.constant.BaseJson<java.lang.String> com.cetiti.controller.TestSequenceController.saveTestSequence(com.cetiti.request.TestSequenceSaveRequest): [Field error in object 'testSequenceSaveRequest' on field 'stepList': rejected value [[]]; codes [NotEmpty.testSequenceSaveRequest.stepList,NotEmpty.stepList,NotEmpty.java.util.List,NotEmpty]; arguments [org.springframework.context.support.DefaultMessageSourceResolvable: codes [testSequenceSaveRequest.stepList,stepList]; arguments []; default message [stepList]]; default message [步骤不可为空]] ]
2024-04-03  15:22:55.802 [http-nio-8888-exec-2] ERROR com.cetiti.config.GlobalExceptionHandler - 检验异常: 
org.springframework.web.bind.MethodArgumentNotValidException: Validation failed for argument [0] in public com.cetiti.constant.BaseJson<java.lang.String> com.cetiti.controller.TestSequenceController.saveTestSequence(com.cetiti.request.TestSequenceSaveRequest): [Field error in object 'testSequenceSaveRequest' on field 'stepList': rejected value [[]]; codes [NotEmpty.testSequenceSaveRequest.stepList,NotEmpty.stepList,NotEmpty.java.util.List,NotEmpty]; arguments [org.springframework.context.support.DefaultMessageSourceResolvable: codes [testSequenceSaveRequest.stepList,stepList]; arguments []; default message [stepList]]; default message [步骤不可为空]] 
	at org.springframework.web.servlet.mvc.method.annotation.RequestResponseBodyMethodProcessor.resolveArgument(RequestResponseBodyMethodProcessor.java:141)
	at org.springframework.web.method.support.HandlerMethodArgumentResolverComposite.resolveArgument(HandlerMethodArgumentResolverComposite.java:122)
	at org.springframework.web.method.support.InvocableHandlerMethod.getMethodArgumentValues(InvocableHandlerMethod.java:179)
	at org.springframework.web.method.support.InvocableHandlerMethod.invokeForRequest(InvocableHandlerMethod.java:146)
	at org.springframework.web.servlet.mvc.method.annotation.ServletInvocableHandlerMethod.invokeAndHandle(ServletInvocableHandlerMethod.java:117)
	at org.springframework.web.servlet.mvc.method.annotation.RequestMappingHandlerAdapter.invokeHandlerMethod(RequestMappingHandlerAdapter.java:895)
	at org.springframework.web.servlet.mvc.method.annotation.RequestMappingHandlerAdapter.handleInternal(RequestMappingHandlerAdapter.java:808)
	at org.springframework.web.servlet.mvc.method.AbstractHandlerMethodAdapter.handle(AbstractHandlerMethodAdapter.java:87)
	at org.springframework.web.servlet.DispatcherServlet.doDispatch(DispatcherServlet.java:1067)
	at org.springframework.web.servlet.DispatcherServlet.doService(DispatcherServlet.java:963)
	at org.springframework.web.servlet.FrameworkServlet.processRequest(FrameworkServlet.java:1006)
	at org.springframework.web.servlet.FrameworkServlet.doPost(FrameworkServlet.java:909)
	at javax.servlet.http.HttpServlet.service(HttpServlet.java:681)
	at org.springframework.web.servlet.FrameworkServlet.service(FrameworkServlet.java:883)
	at javax.servlet.http.HttpServlet.service(HttpServlet.java:764)
	at org.apache.catalina.core.ApplicationFilterChain.internalDoFilter(ApplicationFilterChain.java:227)
	at org.apache.catalina.core.ApplicationFilterChain.doFilter(ApplicationFilterChain.java:162)
	at org.apache.tomcat.websocket.server.WsFilter.doFilter(WsFilter.java:53)
	at org.apache.catalina.core.ApplicationFilterChain.internalDoFilter(ApplicationFilterChain.java:189)
	at org.apache.catalina.core.ApplicationFilterChain.doFilter(ApplicationFilterChain.java:162)
	at org.springframework.web.filter.CharacterEncodingFilter.doFilterInternal(CharacterEncodingFilter.java:201)
	at org.springframework.web.filter.OncePerRequestFilter.doFilter(OncePerRequestFilter.java:117)
	at org.apache.catalina.core.ApplicationFilterChain.internalDoFilter(ApplicationFilterChain.java:189)
	at org.apache.catalina.core.ApplicationFilterChain.doFilter(ApplicationFilterChain.java:162)
	at org.apache.catalina.core.StandardWrapperValve.invoke(StandardWrapperValve.java:197)
	at org.apache.catalina.core.StandardContextValve.invoke(StandardContextValve.java:97)
	at org.apache.catalina.authenticator.AuthenticatorBase.invoke(AuthenticatorBase.java:541)
	at org.apache.catalina.core.StandardHostValve.invoke(StandardHostValve.java:135)
	at org.apache.catalina.valves.ErrorReportValve.invoke(ErrorReportValve.java:92)
	at org.apache.catalina.core.StandardEngineValve.invoke(StandardEngineValve.java:78)
	at org.apache.catalina.connector.CoyoteAdapter.service(CoyoteAdapter.java:360)
	at org.apache.coyote.http11.Http11Processor.service(Http11Processor.java:399)
	at org.apache.coyote.AbstractProcessorLight.process(AbstractProcessorLight.java:65)
	at org.apache.coyote.AbstractProtocol$ConnectionHandler.process(AbstractProtocol.java:890)
	at org.apache.tomcat.util.net.NioEndpoint$SocketProcessor.doRun(NioEndpoint.java:1787)
	at org.apache.tomcat.util.net.SocketProcessorBase.run(SocketProcessorBase.java:49)
	at org.apache.tomcat.util.threads.ThreadPoolExecutor.runWorker(ThreadPoolExecutor.java:1191)
	at org.apache.tomcat.util.threads.ThreadPoolExecutor$Worker.run(ThreadPoolExecutor.java:659)
	at org.apache.tomcat.util.threads.TaskThread$WrappingRunnable.run(TaskThread.java:61)
	at java.base/java.lang.Thread.run(Thread.java:829)
2024-04-03  15:22:55.804 [http-nio-8888-exec-2] WARN  o.s.web.servlet.mvc.method.annotation.ExceptionHandlerExceptionResolver - Failure in @ExceptionHandler com.cetiti.config.GlobalExceptionHandler#handleBindExceptions(BindException)
org.springframework.http.converter.HttpMessageConversionException: Type definition error: [simple type, class org.springframework.validation.DefaultMessageCodesResolver]; nested exception is com.fasterxml.jackson.databind.exc.InvalidDefinitionException: No serializer found for class org.springframework.validation.DefaultMessageCodesResolver and no properties discovered to create BeanSerializer (to avoid exception, disable SerializationFeature.FAIL_ON_EMPTY_BEANS) (through reference chain: com.cetiti.constant.BaseJson["data"]->org.springframework.validation.BeanPropertyBindingResult["messageCodesResolver"])
	at org.springframework.http.converter.json.AbstractJackson2HttpMessageConverter.writeInternal(AbstractJackson2HttpMessageConverter.java:462)
	at org.springframework.http.converter.AbstractGenericHttpMessageConverter.write(AbstractGenericHttpMessageConverter.java:104)
	at org.springframework.web.servlet.mvc.method.annotation.AbstractMessageConverterMethodProcessor.writeWithMessageConverters(AbstractMessageConverterMethodProcessor.java:290)
	at org.springframework.web.servlet.mvc.method.annotation.HttpEntityMethodProcessor.handleReturnValue(HttpEntityMethodProcessor.java:219)
	at org.springframework.web.method.support.HandlerMethodReturnValueHandlerComposite.handleReturnValue(HandlerMethodReturnValueHandlerComposite.java:78)
	at org.springframework.web.servlet.mvc.method.annotation.ServletInvocableHandlerMethod.invokeAndHandle(ServletInvocableHandlerMethod.java:135)
	at org.springframework.web.servlet.mvc.method.annotation.ExceptionHandlerExceptionResolver.doResolveHandlerMethodException(ExceptionHandlerExceptionResolver.java:428)
	at org.springframework.web.servlet.handler.AbstractHandlerMethodExceptionResolver.doResolveException(AbstractHandlerMethodExceptionResolver.java:75)
	at org.springframework.web.servlet.handler.AbstractHandlerExceptionResolver.resolveException(AbstractHandlerExceptionResolver.java:142)
	at org.springframework.web.servlet.handler.HandlerExceptionResolverComposite.resolveException(HandlerExceptionResolverComposite.java:80)
	at org.springframework.web.servlet.DispatcherServlet.processHandlerException(DispatcherServlet.java:1327)
	at org.springframework.web.servlet.DispatcherServlet.processDispatchResult(DispatcherServlet.java:1138)
	at org.springframework.web.servlet.DispatcherServlet.doDispatch(DispatcherServlet.java:1084)
	at org.springframework.web.servlet.DispatcherServlet.doService(DispatcherServlet.java:963)
	at org.springframework.web.servlet.FrameworkServlet.processRequest(FrameworkServlet.java:1006)
	at org.springframework.web.servlet.FrameworkServlet.doPost(FrameworkServlet.java:909)
	at javax.servlet.http.HttpServlet.service(HttpServlet.java:681)
	at org.springframework.web.servlet.FrameworkServlet.service(FrameworkServlet.java:883)
	at javax.servlet.http.HttpServlet.service(HttpServlet.java:764)
	at org.apache.catalina.core.ApplicationFilterChain.internalDoFilter(ApplicationFilterChain.java:227)
	at org.apache.catalina.core.ApplicationFilterChain.doFilter(ApplicationFilterChain.java:162)
	at org.apache.tomcat.websocket.server.WsFilter.doFilter(WsFilter.java:53)
	at org.apache.catalina.core.ApplicationFilterChain.internalDoFilter(ApplicationFilterChain.java:189)
	at org.apache.catalina.core.ApplicationFilterChain.doFilter(ApplicationFilterChain.java:162)
	at org.springframework.web.filter.CharacterEncodingFilter.doFilterInternal(CharacterEncodingFilter.java:201)
	at org.springframework.web.filter.OncePerRequestFilter.doFilter(OncePerRequestFilter.java:117)
	at org.apache.catalina.core.ApplicationFilterChain.internalDoFilter(ApplicationFilterChain.java:189)
	at org.apache.catalina.core.ApplicationFilterChain.doFilter(ApplicationFilterChain.java:162)
	at org.apache.catalina.core.StandardWrapperValve.invoke(StandardWrapperValve.java:197)
	at org.apache.catalina.core.StandardContextValve.invoke(StandardContextValve.java:97)
	at org.apache.catalina.authenticator.AuthenticatorBase.invoke(AuthenticatorBase.java:541)
	at org.apache.catalina.core.StandardHostValve.invoke(StandardHostValve.java:135)
	at org.apache.catalina.valves.ErrorReportValve.invoke(ErrorReportValve.java:92)
	at org.apache.catalina.core.StandardEngineValve.invoke(StandardEngineValve.java:78)
	at org.apache.catalina.connector.CoyoteAdapter.service(CoyoteAdapter.java:360)
	at org.apache.coyote.http11.Http11Processor.service(Http11Processor.java:399)
	at org.apache.coyote.AbstractProcessorLight.process(AbstractProcessorLight.java:65)
	at org.apache.coyote.AbstractProtocol$ConnectionHandler.process(AbstractProtocol.java:890)
	at org.apache.tomcat.util.net.NioEndpoint$SocketProcessor.doRun(NioEndpoint.java:1787)
	at org.apache.tomcat.util.net.SocketProcessorBase.run(SocketProcessorBase.java:49)
	at org.apache.tomcat.util.threads.ThreadPoolExecutor.runWorker(ThreadPoolExecutor.java:1191)
	at org.apache.tomcat.util.threads.ThreadPoolExecutor$Worker.run(ThreadPoolExecutor.java:659)
	at org.apache.tomcat.util.threads.TaskThread$WrappingRunnable.run(TaskThread.java:61)
	at java.base/java.lang.Thread.run(Thread.java:829)
Caused by: com.fasterxml.jackson.databind.exc.InvalidDefinitionException: No serializer found for class org.springframework.validation.DefaultMessageCodesResolver and no properties discovered to create BeanSerializer (to avoid exception, disable SerializationFeature.FAIL_ON_EMPTY_BEANS) (through reference chain: com.cetiti.constant.BaseJson["data"]->org.springframework.validation.BeanPropertyBindingResult["messageCodesResolver"])
	at com.fasterxml.jackson.databind.exc.InvalidDefinitionException.from(InvalidDefinitionException.java:77)
	at com.fasterxml.jackson.databind.SerializerProvider.reportBadDefinition(SerializerProvider.java:1300)
	at com.fasterxml.jackson.databind.DatabindContext.reportBadDefinition(DatabindContext.java:400)
	at com.fasterxml.jackson.databind.ser.impl.UnknownSerializer.failForEmpty(UnknownSerializer.java:46)
	at com.fasterxml.jackson.databind.ser.impl.UnknownSerializer.serialize(UnknownSerializer.java:29)
	at com.fasterxml.jackson.databind.ser.BeanPropertyWriter.serializeAsField(BeanPropertyWriter.java:728)
	at com.fasterxml.jackson.databind.ser.std.BeanSerializerBase.serializeFields(BeanSerializerBase.java:774)
	at com.fasterxml.jackson.databind.ser.BeanSerializer.serialize(BeanSerializer.java:178)
	at com.fasterxml.jackson.databind.ser.BeanPropertyWriter.serializeAsField(BeanPropertyWriter.java:728)
	at com.fasterxml.jackson.databind.ser.std.BeanSerializerBase.serializeFields(BeanSerializerBase.java:774)
	at com.fasterxml.jackson.databind.ser.BeanSerializer.serialize(BeanSerializer.java:178)
	at com.fasterxml.jackson.databind.ser.DefaultSerializerProvider._serialize(DefaultSerializerProvider.java:480)
	at com.fasterxml.jackson.databind.ser.DefaultSerializerProvider.serializeValue(DefaultSerializerProvider.java:319)
	at com.fasterxml.jackson.databind.ObjectWriter$Prefetch.serialize(ObjectWriter.java:1518)
	at com.fasterxml.jackson.databind.ObjectWriter.writeValue(ObjectWriter.java:1007)
	at org.springframework.http.converter.json.AbstractJackson2HttpMessageConverter.writeInternal(AbstractJackson2HttpMessageConverter.java:456)
	... 43 common frames omitted
2024-04-03  15:22:55.804 [http-nio-8888-exec-2] WARN  org.springframework.web.servlet.mvc.support.DefaultHandlerExceptionResolver - Resolved [org.springframework.web.bind.MethodArgumentNotValidException: Validation failed for argument [0] in public com.cetiti.constant.BaseJson<java.lang.String> com.cetiti.controller.TestSequenceController.saveTestSequence(com.cetiti.request.TestSequenceSaveRequest): [Field error in object 'testSequenceSaveRequest' on field 'stepList': rejected value [[]]; codes [NotEmpty.testSequenceSaveRequest.stepList,NotEmpty.stepList,NotEmpty.java.util.List,NotEmpty]; arguments [org.springframework.context.support.DefaultMessageSourceResolvable: codes [testSequenceSaveRequest.stepList,stepList]; arguments []; default message [stepList]]; default message [步骤不可为空]] ]
2024-04-03  15:28:32.537 [http-nio-8888-exec-3] ERROR com.cetiti.config.GlobalExceptionHandler - 检验异常: 
org.springframework.web.bind.MethodArgumentNotValidException: Validation failed for argument [0] in public com.cetiti.constant.BaseJson<java.lang.String> com.cetiti.controller.TestSequenceController.saveTestSequence(com.cetiti.request.TestSequenceSaveRequest): [Field error in object 'testSequenceSaveRequest' on field 'stepList': rejected value [[]]; codes [NotEmpty.testSequenceSaveRequest.stepList,NotEmpty.stepList,NotEmpty.java.util.List,NotEmpty]; arguments [org.springframework.context.support.DefaultMessageSourceResolvable: codes [testSequenceSaveRequest.stepList,stepList]; arguments []; default message [stepList]]; default message [步骤不可为空]] 
	at org.springframework.web.servlet.mvc.method.annotation.RequestResponseBodyMethodProcessor.resolveArgument(RequestResponseBodyMethodProcessor.java:141)
	at org.springframework.web.method.support.HandlerMethodArgumentResolverComposite.resolveArgument(HandlerMethodArgumentResolverComposite.java:122)
	at org.springframework.web.method.support.InvocableHandlerMethod.getMethodArgumentValues(InvocableHandlerMethod.java:179)
	at org.springframework.web.method.support.InvocableHandlerMethod.invokeForRequest(InvocableHandlerMethod.java:146)
	at org.springframework.web.servlet.mvc.method.annotation.ServletInvocableHandlerMethod.invokeAndHandle(ServletInvocableHandlerMethod.java:117)
	at org.springframework.web.servlet.mvc.method.annotation.RequestMappingHandlerAdapter.invokeHandlerMethod(RequestMappingHandlerAdapter.java:895)
	at org.springframework.web.servlet.mvc.method.annotation.RequestMappingHandlerAdapter.handleInternal(RequestMappingHandlerAdapter.java:808)
	at org.springframework.web.servlet.mvc.method.AbstractHandlerMethodAdapter.handle(AbstractHandlerMethodAdapter.java:87)
	at org.springframework.web.servlet.DispatcherServlet.doDispatch(DispatcherServlet.java:1067)
	at org.springframework.web.servlet.DispatcherServlet.doService(DispatcherServlet.java:963)
	at org.springframework.web.servlet.FrameworkServlet.processRequest(FrameworkServlet.java:1006)
	at org.springframework.web.servlet.FrameworkServlet.doPost(FrameworkServlet.java:909)
	at javax.servlet.http.HttpServlet.service(HttpServlet.java:681)
	at org.springframework.web.servlet.FrameworkServlet.service(FrameworkServlet.java:883)
	at javax.servlet.http.HttpServlet.service(HttpServlet.java:764)
	at org.apache.catalina.core.ApplicationFilterChain.internalDoFilter(ApplicationFilterChain.java:227)
	at org.apache.catalina.core.ApplicationFilterChain.doFilter(ApplicationFilterChain.java:162)
	at org.apache.tomcat.websocket.server.WsFilter.doFilter(WsFilter.java:53)
	at org.apache.catalina.core.ApplicationFilterChain.internalDoFilter(ApplicationFilterChain.java:189)
	at org.apache.catalina.core.ApplicationFilterChain.doFilter(ApplicationFilterChain.java:162)
	at org.springframework.web.filter.CharacterEncodingFilter.doFilterInternal(CharacterEncodingFilter.java:201)
	at org.springframework.web.filter.OncePerRequestFilter.doFilter(OncePerRequestFilter.java:117)
	at org.apache.catalina.core.ApplicationFilterChain.internalDoFilter(ApplicationFilterChain.java:189)
	at org.apache.catalina.core.ApplicationFilterChain.doFilter(ApplicationFilterChain.java:162)
	at org.apache.catalina.core.StandardWrapperValve.invoke(StandardWrapperValve.java:197)
	at org.apache.catalina.core.StandardContextValve.invoke(StandardContextValve.java:97)
	at org.apache.catalina.authenticator.AuthenticatorBase.invoke(AuthenticatorBase.java:541)
	at org.apache.catalina.core.StandardHostValve.invoke(StandardHostValve.java:135)
	at org.apache.catalina.valves.ErrorReportValve.invoke(ErrorReportValve.java:92)
	at org.apache.catalina.core.StandardEngineValve.invoke(StandardEngineValve.java:78)
	at org.apache.catalina.connector.CoyoteAdapter.service(CoyoteAdapter.java:360)
	at org.apache.coyote.http11.Http11Processor.service(Http11Processor.java:399)
	at org.apache.coyote.AbstractProcessorLight.process(AbstractProcessorLight.java:65)
	at org.apache.coyote.AbstractProtocol$ConnectionHandler.process(AbstractProtocol.java:890)
	at org.apache.tomcat.util.net.NioEndpoint$SocketProcessor.doRun(NioEndpoint.java:1787)
	at org.apache.tomcat.util.net.SocketProcessorBase.run(SocketProcessorBase.java:49)
	at org.apache.tomcat.util.threads.ThreadPoolExecutor.runWorker(ThreadPoolExecutor.java:1191)
	at org.apache.tomcat.util.threads.ThreadPoolExecutor$Worker.run(ThreadPoolExecutor.java:659)
	at org.apache.tomcat.util.threads.TaskThread$WrappingRunnable.run(TaskThread.java:61)
	at java.base/java.lang.Thread.run(Thread.java:829)
2024-04-03  15:29:52.697 [MQTT Ping: e2fad6999c2baf17b382bf6e58d3de9b_receive] ERROR org.eclipse.paho.client.mqttv3.internal.ClientState - e2fad6999c2baf17b382bf6e58d3de9b_receive: Timed out as no write activity, keepAlive=20,000,000,000 lastOutboundActivity=7,770,375,769,498 lastInboundActivity=7,770,411,087,108 time=7,851,034,625,819 lastPing=7,770,375,773,888
2024-04-03  15:29:52.697 [http-nio-8888-exec-3] WARN  o.s.web.servlet.mvc.method.annotation.ExceptionHandlerExceptionResolver - Failure in @ExceptionHandler com.cetiti.config.GlobalExceptionHandler#handleBindExceptions(BindException)
org.springframework.http.converter.HttpMessageConversionException: Type definition error: [simple type, class org.springframework.validation.DefaultMessageCodesResolver]; nested exception is com.fasterxml.jackson.databind.exc.InvalidDefinitionException: No serializer found for class org.springframework.validation.DefaultMessageCodesResolver and no properties discovered to create BeanSerializer (to avoid exception, disable SerializationFeature.FAIL_ON_EMPTY_BEANS) (through reference chain: com.cetiti.constant.BaseJson["data"]->org.springframework.validation.BeanPropertyBindingResult["messageCodesResolver"])
	at org.springframework.http.converter.json.AbstractJackson2HttpMessageConverter.writeInternal(AbstractJackson2HttpMessageConverter.java:462)
	at org.springframework.http.converter.AbstractGenericHttpMessageConverter.write(AbstractGenericHttpMessageConverter.java:104)
	at org.springframework.web.servlet.mvc.method.annotation.AbstractMessageConverterMethodProcessor.writeWithMessageConverters(AbstractMessageConverterMethodProcessor.java:290)
	at org.springframework.web.servlet.mvc.method.annotation.HttpEntityMethodProcessor.handleReturnValue(HttpEntityMethodProcessor.java:219)
	at org.springframework.web.method.support.HandlerMethodReturnValueHandlerComposite.handleReturnValue(HandlerMethodReturnValueHandlerComposite.java:78)
	at org.springframework.web.servlet.mvc.method.annotation.ServletInvocableHandlerMethod.invokeAndHandle(ServletInvocableHandlerMethod.java:135)
	at org.springframework.web.servlet.mvc.method.annotation.ExceptionHandlerExceptionResolver.doResolveHandlerMethodException(ExceptionHandlerExceptionResolver.java:428)
	at org.springframework.web.servlet.handler.AbstractHandlerMethodExceptionResolver.doResolveException(AbstractHandlerMethodExceptionResolver.java:75)
	at org.springframework.web.servlet.handler.AbstractHandlerExceptionResolver.resolveException(AbstractHandlerExceptionResolver.java:142)
	at org.springframework.web.servlet.handler.HandlerExceptionResolverComposite.resolveException(HandlerExceptionResolverComposite.java:80)
	at org.springframework.web.servlet.DispatcherServlet.processHandlerException(DispatcherServlet.java:1327)
	at org.springframework.web.servlet.DispatcherServlet.processDispatchResult(DispatcherServlet.java:1138)
	at org.springframework.web.servlet.DispatcherServlet.doDispatch(DispatcherServlet.java:1084)
	at org.springframework.web.servlet.DispatcherServlet.doService(DispatcherServlet.java:963)
	at org.springframework.web.servlet.FrameworkServlet.processRequest(FrameworkServlet.java:1006)
	at org.springframework.web.servlet.FrameworkServlet.doPost(FrameworkServlet.java:909)
	at javax.servlet.http.HttpServlet.service(HttpServlet.java:681)
	at org.springframework.web.servlet.FrameworkServlet.service(FrameworkServlet.java:883)
	at javax.servlet.http.HttpServlet.service(HttpServlet.java:764)
	at org.apache.catalina.core.ApplicationFilterChain.internalDoFilter(ApplicationFilterChain.java:227)
	at org.apache.catalina.core.ApplicationFilterChain.doFilter(ApplicationFilterChain.java:162)
	at org.apache.tomcat.websocket.server.WsFilter.doFilter(WsFilter.java:53)
	at org.apache.catalina.core.ApplicationFilterChain.internalDoFilter(ApplicationFilterChain.java:189)
	at org.apache.catalina.core.ApplicationFilterChain.doFilter(ApplicationFilterChain.java:162)
	at org.springframework.web.filter.CharacterEncodingFilter.doFilterInternal(CharacterEncodingFilter.java:201)
	at org.springframework.web.filter.OncePerRequestFilter.doFilter(OncePerRequestFilter.java:117)
	at org.apache.catalina.core.ApplicationFilterChain.internalDoFilter(ApplicationFilterChain.java:189)
	at org.apache.catalina.core.ApplicationFilterChain.doFilter(ApplicationFilterChain.java:162)
	at org.apache.catalina.core.StandardWrapperValve.invoke(StandardWrapperValve.java:197)
	at org.apache.catalina.core.StandardContextValve.invoke(StandardContextValve.java:97)
	at org.apache.catalina.authenticator.AuthenticatorBase.invoke(AuthenticatorBase.java:541)
	at org.apache.catalina.core.StandardHostValve.invoke(StandardHostValve.java:135)
	at org.apache.catalina.valves.ErrorReportValve.invoke(ErrorReportValve.java:92)
	at org.apache.catalina.core.StandardEngineValve.invoke(StandardEngineValve.java:78)
	at org.apache.catalina.connector.CoyoteAdapter.service(CoyoteAdapter.java:360)
	at org.apache.coyote.http11.Http11Processor.service(Http11Processor.java:399)
	at org.apache.coyote.AbstractProcessorLight.process(AbstractProcessorLight.java:65)
	at org.apache.coyote.AbstractProtocol$ConnectionHandler.process(AbstractProtocol.java:890)
	at org.apache.tomcat.util.net.NioEndpoint$SocketProcessor.doRun(NioEndpoint.java:1787)
	at org.apache.tomcat.util.net.SocketProcessorBase.run(SocketProcessorBase.java:49)
	at org.apache.tomcat.util.threads.ThreadPoolExecutor.runWorker(ThreadPoolExecutor.java:1191)
	at org.apache.tomcat.util.threads.ThreadPoolExecutor$Worker.run(ThreadPoolExecutor.java:659)
	at org.apache.tomcat.util.threads.TaskThread$WrappingRunnable.run(TaskThread.java:61)
	at java.base/java.lang.Thread.run(Thread.java:829)
Caused by: com.fasterxml.jackson.databind.exc.InvalidDefinitionException: No serializer found for class org.springframework.validation.DefaultMessageCodesResolver and no properties discovered to create BeanSerializer (to avoid exception, disable SerializationFeature.FAIL_ON_EMPTY_BEANS) (through reference chain: com.cetiti.constant.BaseJson["data"]->org.springframework.validation.BeanPropertyBindingResult["messageCodesResolver"])
	at com.fasterxml.jackson.databind.exc.InvalidDefinitionException.from(InvalidDefinitionException.java:77)
	at com.fasterxml.jackson.databind.SerializerProvider.reportBadDefinition(SerializerProvider.java:1300)
	at com.fasterxml.jackson.databind.DatabindContext.reportBadDefinition(DatabindContext.java:400)
	at com.fasterxml.jackson.databind.ser.impl.UnknownSerializer.failForEmpty(UnknownSerializer.java:46)
	at com.fasterxml.jackson.databind.ser.impl.UnknownSerializer.serialize(UnknownSerializer.java:29)
	at com.fasterxml.jackson.databind.ser.BeanPropertyWriter.serializeAsField(BeanPropertyWriter.java:728)
	at com.fasterxml.jackson.databind.ser.std.BeanSerializerBase.serializeFields(BeanSerializerBase.java:774)
	at com.fasterxml.jackson.databind.ser.BeanSerializer.serialize(BeanSerializer.java:178)
	at com.fasterxml.jackson.databind.ser.BeanPropertyWriter.serializeAsField(BeanPropertyWriter.java:728)
	at com.fasterxml.jackson.databind.ser.std.BeanSerializerBase.serializeFields(BeanSerializerBase.java:774)
	at com.fasterxml.jackson.databind.ser.BeanSerializer.serialize(BeanSerializer.java:178)
	at com.fasterxml.jackson.databind.ser.DefaultSerializerProvider._serialize(DefaultSerializerProvider.java:480)
	at com.fasterxml.jackson.databind.ser.DefaultSerializerProvider.serializeValue(DefaultSerializerProvider.java:319)
	at com.fasterxml.jackson.databind.ObjectWriter$Prefetch.serialize(ObjectWriter.java:1518)
	at com.fasterxml.jackson.databind.ObjectWriter.writeValue(ObjectWriter.java:1007)
	at org.springframework.http.converter.json.AbstractJackson2HttpMessageConverter.writeInternal(AbstractJackson2HttpMessageConverter.java:456)
	... 43 common frames omitted
2024-04-03  15:29:52.698 [http-nio-8888-exec-3] WARN  org.springframework.web.servlet.mvc.support.DefaultHandlerExceptionResolver - Resolved [org.springframework.web.bind.MethodArgumentNotValidException: Validation failed for argument [0] in public com.cetiti.constant.BaseJson<java.lang.String> com.cetiti.controller.TestSequenceController.saveTestSequence(com.cetiti.request.TestSequenceSaveRequest): [Field error in object 'testSequenceSaveRequest' on field 'stepList': rejected value [[]]; codes [NotEmpty.testSequenceSaveRequest.stepList,NotEmpty.stepList,NotEmpty.java.util.List,NotEmpty]; arguments [org.springframework.context.support.DefaultMessageSourceResolvable: codes [testSequenceSaveRequest.stepList,stepList]; arguments []; default message [stepList]]; default message [步骤不可为空]] ]
2024-04-03  15:29:52.704 [MQTT Rec: e2fad6999c2baf17b382bf6e58d3de9b_receive] ERROR org.springframework.integration.mqtt.inbound.MqttPahoMessageDrivenChannelAdapter - Lost connection: 已断开连接; retrying...
2024-04-03  15:30:56.849 [http-nio-8888-exec-1] ERROR com.cetiti.config.GlobalExceptionHandler - 检验异常: 
org.springframework.web.bind.MethodArgumentNotValidException: Validation failed for argument [0] in public com.cetiti.constant.BaseJson<java.lang.String> com.cetiti.controller.TestSequenceController.saveTestSequence(com.cetiti.request.TestSequenceSaveRequest): [Field error in object 'testSequenceSaveRequest' on field 'stepList': rejected value [[]]; codes [NotEmpty.testSequenceSaveRequest.stepList,NotEmpty.stepList,NotEmpty.java.util.List,NotEmpty]; arguments [org.springframework.context.support.DefaultMessageSourceResolvable: codes [testSequenceSaveRequest.stepList,stepList]; arguments []; default message [stepList]]; default message [步骤不可为空]] 
	at org.springframework.web.servlet.mvc.method.annotation.RequestResponseBodyMethodProcessor.resolveArgument(RequestResponseBodyMethodProcessor.java:141)
	at org.springframework.web.method.support.HandlerMethodArgumentResolverComposite.resolveArgument(HandlerMethodArgumentResolverComposite.java:122)
	at org.springframework.web.method.support.InvocableHandlerMethod.getMethodArgumentValues(InvocableHandlerMethod.java:179)
	at org.springframework.web.method.support.InvocableHandlerMethod.invokeForRequest(InvocableHandlerMethod.java:146)
	at org.springframework.web.servlet.mvc.method.annotation.ServletInvocableHandlerMethod.invokeAndHandle(ServletInvocableHandlerMethod.java:117)
	at org.springframework.web.servlet.mvc.method.annotation.RequestMappingHandlerAdapter.invokeHandlerMethod(RequestMappingHandlerAdapter.java:895)
	at org.springframework.web.servlet.mvc.method.annotation.RequestMappingHandlerAdapter.handleInternal(RequestMappingHandlerAdapter.java:808)
	at org.springframework.web.servlet.mvc.method.AbstractHandlerMethodAdapter.handle(AbstractHandlerMethodAdapter.java:87)
	at org.springframework.web.servlet.DispatcherServlet.doDispatch(DispatcherServlet.java:1067)
	at org.springframework.web.servlet.DispatcherServlet.doService(DispatcherServlet.java:963)
	at org.springframework.web.servlet.FrameworkServlet.processRequest(FrameworkServlet.java:1006)
	at org.springframework.web.servlet.FrameworkServlet.doPost(FrameworkServlet.java:909)
	at javax.servlet.http.HttpServlet.service(HttpServlet.java:681)
	at org.springframework.web.servlet.FrameworkServlet.service(FrameworkServlet.java:883)
	at javax.servlet.http.HttpServlet.service(HttpServlet.java:764)
	at org.apache.catalina.core.ApplicationFilterChain.internalDoFilter(ApplicationFilterChain.java:227)
	at org.apache.catalina.core.ApplicationFilterChain.doFilter(ApplicationFilterChain.java:162)
	at org.apache.tomcat.websocket.server.WsFilter.doFilter(WsFilter.java:53)
	at org.apache.catalina.core.ApplicationFilterChain.internalDoFilter(ApplicationFilterChain.java:189)
	at org.apache.catalina.core.ApplicationFilterChain.doFilter(ApplicationFilterChain.java:162)
	at org.springframework.web.filter.CharacterEncodingFilter.doFilterInternal(CharacterEncodingFilter.java:201)
	at org.springframework.web.filter.OncePerRequestFilter.doFilter(OncePerRequestFilter.java:117)
	at org.apache.catalina.core.ApplicationFilterChain.internalDoFilter(ApplicationFilterChain.java:189)
	at org.apache.catalina.core.ApplicationFilterChain.doFilter(ApplicationFilterChain.java:162)
	at org.apache.catalina.core.StandardWrapperValve.invoke(StandardWrapperValve.java:197)
	at org.apache.catalina.core.StandardContextValve.invoke(StandardContextValve.java:97)
	at org.apache.catalina.authenticator.AuthenticatorBase.invoke(AuthenticatorBase.java:541)
	at org.apache.catalina.core.StandardHostValve.invoke(StandardHostValve.java:135)
	at org.apache.catalina.valves.ErrorReportValve.invoke(ErrorReportValve.java:92)
	at org.apache.catalina.core.StandardEngineValve.invoke(StandardEngineValve.java:78)
	at org.apache.catalina.connector.CoyoteAdapter.service(CoyoteAdapter.java:360)
	at org.apache.coyote.http11.Http11Processor.service(Http11Processor.java:399)
	at org.apache.coyote.AbstractProcessorLight.process(AbstractProcessorLight.java:65)
	at org.apache.coyote.AbstractProtocol$ConnectionHandler.process(AbstractProtocol.java:890)
	at org.apache.tomcat.util.net.NioEndpoint$SocketProcessor.doRun(NioEndpoint.java:1787)
	at org.apache.tomcat.util.net.SocketProcessorBase.run(SocketProcessorBase.java:49)
	at org.apache.tomcat.util.threads.ThreadPoolExecutor.runWorker(ThreadPoolExecutor.java:1191)
	at org.apache.tomcat.util.threads.ThreadPoolExecutor$Worker.run(ThreadPoolExecutor.java:659)
	at org.apache.tomcat.util.threads.TaskThread$WrappingRunnable.run(TaskThread.java:61)
	at java.base/java.lang.Thread.run(Thread.java:829)
2024-04-03  15:30:56.893 [http-nio-8888-exec-1] WARN  o.s.web.servlet.mvc.method.annotation.ExceptionHandlerExceptionResolver - Failure in @ExceptionHandler com.cetiti.config.GlobalExceptionHandler#handleBindExceptions(MethodArgumentNotValidException)
org.springframework.http.converter.HttpMessageConversionException: Type definition error: [simple type, class org.springframework.validation.DefaultMessageCodesResolver]; nested exception is com.fasterxml.jackson.databind.exc.InvalidDefinitionException: No serializer found for class org.springframework.validation.DefaultMessageCodesResolver and no properties discovered to create BeanSerializer (to avoid exception, disable SerializationFeature.FAIL_ON_EMPTY_BEANS) (through reference chain: com.cetiti.constant.BaseJson["data"]->org.springframework.validation.BeanPropertyBindingResult["messageCodesResolver"])
	at org.springframework.http.converter.json.AbstractJackson2HttpMessageConverter.writeInternal(AbstractJackson2HttpMessageConverter.java:462)
	at org.springframework.http.converter.AbstractGenericHttpMessageConverter.write(AbstractGenericHttpMessageConverter.java:104)
	at org.springframework.web.servlet.mvc.method.annotation.AbstractMessageConverterMethodProcessor.writeWithMessageConverters(AbstractMessageConverterMethodProcessor.java:290)
	at org.springframework.web.servlet.mvc.method.annotation.HttpEntityMethodProcessor.handleReturnValue(HttpEntityMethodProcessor.java:219)
	at org.springframework.web.method.support.HandlerMethodReturnValueHandlerComposite.handleReturnValue(HandlerMethodReturnValueHandlerComposite.java:78)
	at org.springframework.web.servlet.mvc.method.annotation.ServletInvocableHandlerMethod.invokeAndHandle(ServletInvocableHandlerMethod.java:135)
	at org.springframework.web.servlet.mvc.method.annotation.ExceptionHandlerExceptionResolver.doResolveHandlerMethodException(ExceptionHandlerExceptionResolver.java:428)
	at org.springframework.web.servlet.handler.AbstractHandlerMethodExceptionResolver.doResolveException(AbstractHandlerMethodExceptionResolver.java:75)
	at org.springframework.web.servlet.handler.AbstractHandlerExceptionResolver.resolveException(AbstractHandlerExceptionResolver.java:142)
	at org.springframework.web.servlet.handler.HandlerExceptionResolverComposite.resolveException(HandlerExceptionResolverComposite.java:80)
	at org.springframework.web.servlet.DispatcherServlet.processHandlerException(DispatcherServlet.java:1327)
	at org.springframework.web.servlet.DispatcherServlet.processDispatchResult(DispatcherServlet.java:1138)
	at org.springframework.web.servlet.DispatcherServlet.doDispatch(DispatcherServlet.java:1084)
	at org.springframework.web.servlet.DispatcherServlet.doService(DispatcherServlet.java:963)
	at org.springframework.web.servlet.FrameworkServlet.processRequest(FrameworkServlet.java:1006)
	at org.springframework.web.servlet.FrameworkServlet.doPost(FrameworkServlet.java:909)
	at javax.servlet.http.HttpServlet.service(HttpServlet.java:681)
	at org.springframework.web.servlet.FrameworkServlet.service(FrameworkServlet.java:883)
	at javax.servlet.http.HttpServlet.service(HttpServlet.java:764)
	at org.apache.catalina.core.ApplicationFilterChain.internalDoFilter(ApplicationFilterChain.java:227)
	at org.apache.catalina.core.ApplicationFilterChain.doFilter(ApplicationFilterChain.java:162)
	at org.apache.tomcat.websocket.server.WsFilter.doFilter(WsFilter.java:53)
	at org.apache.catalina.core.ApplicationFilterChain.internalDoFilter(ApplicationFilterChain.java:189)
	at org.apache.catalina.core.ApplicationFilterChain.doFilter(ApplicationFilterChain.java:162)
	at org.springframework.web.filter.CharacterEncodingFilter.doFilterInternal(CharacterEncodingFilter.java:201)
	at org.springframework.web.filter.OncePerRequestFilter.doFilter(OncePerRequestFilter.java:117)
	at org.apache.catalina.core.ApplicationFilterChain.internalDoFilter(ApplicationFilterChain.java:189)
	at org.apache.catalina.core.ApplicationFilterChain.doFilter(ApplicationFilterChain.java:162)
	at org.apache.catalina.core.StandardWrapperValve.invoke(StandardWrapperValve.java:197)
	at org.apache.catalina.core.StandardContextValve.invoke(StandardContextValve.java:97)
	at org.apache.catalina.authenticator.AuthenticatorBase.invoke(AuthenticatorBase.java:541)
	at org.apache.catalina.core.StandardHostValve.invoke(StandardHostValve.java:135)
	at org.apache.catalina.valves.ErrorReportValve.invoke(ErrorReportValve.java:92)
	at org.apache.catalina.core.StandardEngineValve.invoke(StandardEngineValve.java:78)
	at org.apache.catalina.connector.CoyoteAdapter.service(CoyoteAdapter.java:360)
	at org.apache.coyote.http11.Http11Processor.service(Http11Processor.java:399)
	at org.apache.coyote.AbstractProcessorLight.process(AbstractProcessorLight.java:65)
	at org.apache.coyote.AbstractProtocol$ConnectionHandler.process(AbstractProtocol.java:890)
	at org.apache.tomcat.util.net.NioEndpoint$SocketProcessor.doRun(NioEndpoint.java:1787)
	at org.apache.tomcat.util.net.SocketProcessorBase.run(SocketProcessorBase.java:49)
	at org.apache.tomcat.util.threads.ThreadPoolExecutor.runWorker(ThreadPoolExecutor.java:1191)
	at org.apache.tomcat.util.threads.ThreadPoolExecutor$Worker.run(ThreadPoolExecutor.java:659)
	at org.apache.tomcat.util.threads.TaskThread$WrappingRunnable.run(TaskThread.java:61)
	at java.base/java.lang.Thread.run(Thread.java:829)
Caused by: com.fasterxml.jackson.databind.exc.InvalidDefinitionException: No serializer found for class org.springframework.validation.DefaultMessageCodesResolver and no properties discovered to create BeanSerializer (to avoid exception, disable SerializationFeature.FAIL_ON_EMPTY_BEANS) (through reference chain: com.cetiti.constant.BaseJson["data"]->org.springframework.validation.BeanPropertyBindingResult["messageCodesResolver"])
	at com.fasterxml.jackson.databind.exc.InvalidDefinitionException.from(InvalidDefinitionException.java:77)
	at com.fasterxml.jackson.databind.SerializerProvider.reportBadDefinition(SerializerProvider.java:1300)
	at com.fasterxml.jackson.databind.DatabindContext.reportBadDefinition(DatabindContext.java:400)
	at com.fasterxml.jackson.databind.ser.impl.UnknownSerializer.failForEmpty(UnknownSerializer.java:46)
	at com.fasterxml.jackson.databind.ser.impl.UnknownSerializer.serialize(UnknownSerializer.java:29)
	at com.fasterxml.jackson.databind.ser.BeanPropertyWriter.serializeAsField(BeanPropertyWriter.java:728)
	at com.fasterxml.jackson.databind.ser.std.BeanSerializerBase.serializeFields(BeanSerializerBase.java:774)
	at com.fasterxml.jackson.databind.ser.BeanSerializer.serialize(BeanSerializer.java:178)
	at com.fasterxml.jackson.databind.ser.BeanPropertyWriter.serializeAsField(BeanPropertyWriter.java:728)
	at com.fasterxml.jackson.databind.ser.std.BeanSerializerBase.serializeFields(BeanSerializerBase.java:774)
	at com.fasterxml.jackson.databind.ser.BeanSerializer.serialize(BeanSerializer.java:178)
	at com.fasterxml.jackson.databind.ser.DefaultSerializerProvider._serialize(DefaultSerializerProvider.java:480)
	at com.fasterxml.jackson.databind.ser.DefaultSerializerProvider.serializeValue(DefaultSerializerProvider.java:319)
	at com.fasterxml.jackson.databind.ObjectWriter$Prefetch.serialize(ObjectWriter.java:1518)
	at com.fasterxml.jackson.databind.ObjectWriter.writeValue(ObjectWriter.java:1007)
	at org.springframework.http.converter.json.AbstractJackson2HttpMessageConverter.writeInternal(AbstractJackson2HttpMessageConverter.java:456)
	... 43 common frames omitted
2024-04-03  15:30:56.899 [http-nio-8888-exec-1] WARN  org.springframework.web.servlet.mvc.support.DefaultHandlerExceptionResolver - Resolved [org.springframework.web.bind.MethodArgumentNotValidException: Validation failed for argument [0] in public com.cetiti.constant.BaseJson<java.lang.String> com.cetiti.controller.TestSequenceController.saveTestSequence(com.cetiti.request.TestSequenceSaveRequest): [Field error in object 'testSequenceSaveRequest' on field 'stepList': rejected value [[]]; codes [NotEmpty.testSequenceSaveRequest.stepList,NotEmpty.stepList,NotEmpty.java.util.List,NotEmpty]; arguments [org.springframework.context.support.DefaultMessageSourceResolvable: codes [testSequenceSaveRequest.stepList,stepList]; arguments []; default message [stepList]]; default message [步骤不可为空]] ]
2024-04-03  15:31:39.501 [http-nio-8888-exec-2] ERROR com.cetiti.config.GlobalExceptionHandler - 检验异常: 
org.springframework.web.bind.MethodArgumentNotValidException: Validation failed for argument [0] in public com.cetiti.constant.BaseJson<java.lang.String> com.cetiti.controller.TestSequenceController.saveTestSequence(com.cetiti.request.TestSequenceSaveRequest): [Field error in object 'testSequenceSaveRequest' on field 'stepList': rejected value [[]]; codes [NotEmpty.testSequenceSaveRequest.stepList,NotEmpty.stepList,NotEmpty.java.util.List,NotEmpty]; arguments [org.springframework.context.support.DefaultMessageSourceResolvable: codes [testSequenceSaveRequest.stepList,stepList]; arguments []; default message [stepList]]; default message [步骤不可为空]] 
	at org.springframework.web.servlet.mvc.method.annotation.RequestResponseBodyMethodProcessor.resolveArgument(RequestResponseBodyMethodProcessor.java:141)
	at org.springframework.web.method.support.HandlerMethodArgumentResolverComposite.resolveArgument(HandlerMethodArgumentResolverComposite.java:122)
	at org.springframework.web.method.support.InvocableHandlerMethod.getMethodArgumentValues(InvocableHandlerMethod.java:179)
	at org.springframework.web.method.support.InvocableHandlerMethod.invokeForRequest(InvocableHandlerMethod.java:146)
	at org.springframework.web.servlet.mvc.method.annotation.ServletInvocableHandlerMethod.invokeAndHandle(ServletInvocableHandlerMethod.java:117)
	at org.springframework.web.servlet.mvc.method.annotation.RequestMappingHandlerAdapter.invokeHandlerMethod(RequestMappingHandlerAdapter.java:895)
	at org.springframework.web.servlet.mvc.method.annotation.RequestMappingHandlerAdapter.handleInternal(RequestMappingHandlerAdapter.java:808)
	at org.springframework.web.servlet.mvc.method.AbstractHandlerMethodAdapter.handle(AbstractHandlerMethodAdapter.java:87)
	at org.springframework.web.servlet.DispatcherServlet.doDispatch(DispatcherServlet.java:1067)
	at org.springframework.web.servlet.DispatcherServlet.doService(DispatcherServlet.java:963)
	at org.springframework.web.servlet.FrameworkServlet.processRequest(FrameworkServlet.java:1006)
	at org.springframework.web.servlet.FrameworkServlet.doPost(FrameworkServlet.java:909)
	at javax.servlet.http.HttpServlet.service(HttpServlet.java:681)
	at org.springframework.web.servlet.FrameworkServlet.service(FrameworkServlet.java:883)
	at javax.servlet.http.HttpServlet.service(HttpServlet.java:764)
	at org.apache.catalina.core.ApplicationFilterChain.internalDoFilter(ApplicationFilterChain.java:227)
	at org.apache.catalina.core.ApplicationFilterChain.doFilter(ApplicationFilterChain.java:162)
	at org.apache.tomcat.websocket.server.WsFilter.doFilter(WsFilter.java:53)
	at org.apache.catalina.core.ApplicationFilterChain.internalDoFilter(ApplicationFilterChain.java:189)
	at org.apache.catalina.core.ApplicationFilterChain.doFilter(ApplicationFilterChain.java:162)
	at org.springframework.web.filter.CharacterEncodingFilter.doFilterInternal(CharacterEncodingFilter.java:201)
	at org.springframework.web.filter.OncePerRequestFilter.doFilter(OncePerRequestFilter.java:117)
	at org.apache.catalina.core.ApplicationFilterChain.internalDoFilter(ApplicationFilterChain.java:189)
	at org.apache.catalina.core.ApplicationFilterChain.doFilter(ApplicationFilterChain.java:162)
	at org.apache.catalina.core.StandardWrapperValve.invoke(StandardWrapperValve.java:197)
	at org.apache.catalina.core.StandardContextValve.invoke(StandardContextValve.java:97)
	at org.apache.catalina.authenticator.AuthenticatorBase.invoke(AuthenticatorBase.java:541)
	at org.apache.catalina.core.StandardHostValve.invoke(StandardHostValve.java:135)
	at org.apache.catalina.valves.ErrorReportValve.invoke(ErrorReportValve.java:92)
	at org.apache.catalina.core.StandardEngineValve.invoke(StandardEngineValve.java:78)
	at org.apache.catalina.connector.CoyoteAdapter.service(CoyoteAdapter.java:360)
	at org.apache.coyote.http11.Http11Processor.service(Http11Processor.java:399)
	at org.apache.coyote.AbstractProcessorLight.process(AbstractProcessorLight.java:65)
	at org.apache.coyote.AbstractProtocol$ConnectionHandler.process(AbstractProtocol.java:890)
	at org.apache.tomcat.util.net.NioEndpoint$SocketProcessor.doRun(NioEndpoint.java:1787)
	at org.apache.tomcat.util.net.SocketProcessorBase.run(SocketProcessorBase.java:49)
	at org.apache.tomcat.util.threads.ThreadPoolExecutor.runWorker(ThreadPoolExecutor.java:1191)
	at org.apache.tomcat.util.threads.ThreadPoolExecutor$Worker.run(ThreadPoolExecutor.java:659)
	at org.apache.tomcat.util.threads.TaskThread$WrappingRunnable.run(TaskThread.java:61)
	at java.base/java.lang.Thread.run(Thread.java:829)
2024-04-03  15:32:55.731 [MQTT Ping: 5302c64342ad5f2c4a67466abea4d53a_receive] ERROR org.eclipse.paho.client.mqttv3.internal.ClientState - 5302c64342ad5f2c4a67466abea4d53a_receive: Timed out as no write activity, keepAlive=20,000,000,000 lastOutboundActivity=7,951,707,019,348 lastInboundActivity=7,951,749,169,915 time=8,034,063,912,681 lastPing=7,951,707,032,269
2024-04-03  15:32:55.731 [http-nio-8888-exec-2] WARN  o.s.web.servlet.mvc.method.annotation.ExceptionHandlerExceptionResolver - Failure in @ExceptionHandler com.cetiti.config.GlobalExceptionHandler#handleBindExceptions(MethodArgumentNotValidException)
org.springframework.http.converter.HttpMessageConversionException: Type definition error: [simple type, class org.springframework.validation.DefaultMessageCodesResolver]; nested exception is com.fasterxml.jackson.databind.exc.InvalidDefinitionException: No serializer found for class org.springframework.validation.DefaultMessageCodesResolver and no properties discovered to create BeanSerializer (to avoid exception, disable SerializationFeature.FAIL_ON_EMPTY_BEANS) (through reference chain: com.cetiti.constant.BaseJson["data"]->org.springframework.validation.BeanPropertyBindingResult["messageCodesResolver"])
	at org.springframework.http.converter.json.AbstractJackson2HttpMessageConverter.writeInternal(AbstractJackson2HttpMessageConverter.java:462)
	at org.springframework.http.converter.AbstractGenericHttpMessageConverter.write(AbstractGenericHttpMessageConverter.java:104)
	at org.springframework.web.servlet.mvc.method.annotation.AbstractMessageConverterMethodProcessor.writeWithMessageConverters(AbstractMessageConverterMethodProcessor.java:290)
	at org.springframework.web.servlet.mvc.method.annotation.HttpEntityMethodProcessor.handleReturnValue(HttpEntityMethodProcessor.java:219)
	at org.springframework.web.method.support.HandlerMethodReturnValueHandlerComposite.handleReturnValue(HandlerMethodReturnValueHandlerComposite.java:78)
	at org.springframework.web.servlet.mvc.method.annotation.ServletInvocableHandlerMethod.invokeAndHandle(ServletInvocableHandlerMethod.java:135)
	at org.springframework.web.servlet.mvc.method.annotation.ExceptionHandlerExceptionResolver.doResolveHandlerMethodException(ExceptionHandlerExceptionResolver.java:428)
	at org.springframework.web.servlet.handler.AbstractHandlerMethodExceptionResolver.doResolveException(AbstractHandlerMethodExceptionResolver.java:75)
	at org.springframework.web.servlet.handler.AbstractHandlerExceptionResolver.resolveException(AbstractHandlerExceptionResolver.java:142)
	at org.springframework.web.servlet.handler.HandlerExceptionResolverComposite.resolveException(HandlerExceptionResolverComposite.java:80)
	at org.springframework.web.servlet.DispatcherServlet.processHandlerException(DispatcherServlet.java:1327)
	at org.springframework.web.servlet.DispatcherServlet.processDispatchResult(DispatcherServlet.java:1138)
	at org.springframework.web.servlet.DispatcherServlet.doDispatch(DispatcherServlet.java:1084)
	at org.springframework.web.servlet.DispatcherServlet.doService(DispatcherServlet.java:963)
	at org.springframework.web.servlet.FrameworkServlet.processRequest(FrameworkServlet.java:1006)
	at org.springframework.web.servlet.FrameworkServlet.doPost(FrameworkServlet.java:909)
	at javax.servlet.http.HttpServlet.service(HttpServlet.java:681)
	at org.springframework.web.servlet.FrameworkServlet.service(FrameworkServlet.java:883)
	at javax.servlet.http.HttpServlet.service(HttpServlet.java:764)
	at org.apache.catalina.core.ApplicationFilterChain.internalDoFilter(ApplicationFilterChain.java:227)
	at org.apache.catalina.core.ApplicationFilterChain.doFilter(ApplicationFilterChain.java:162)
	at org.apache.tomcat.websocket.server.WsFilter.doFilter(WsFilter.java:53)
	at org.apache.catalina.core.ApplicationFilterChain.internalDoFilter(ApplicationFilterChain.java:189)
	at org.apache.catalina.core.ApplicationFilterChain.doFilter(ApplicationFilterChain.java:162)
	at org.springframework.web.filter.CharacterEncodingFilter.doFilterInternal(CharacterEncodingFilter.java:201)
	at org.springframework.web.filter.OncePerRequestFilter.doFilter(OncePerRequestFilter.java:117)
	at org.apache.catalina.core.ApplicationFilterChain.internalDoFilter(ApplicationFilterChain.java:189)
	at org.apache.catalina.core.ApplicationFilterChain.doFilter(ApplicationFilterChain.java:162)
	at org.apache.catalina.core.StandardWrapperValve.invoke(StandardWrapperValve.java:197)
	at org.apache.catalina.core.StandardContextValve.invoke(StandardContextValve.java:97)
	at org.apache.catalina.authenticator.AuthenticatorBase.invoke(AuthenticatorBase.java:541)
	at org.apache.catalina.core.StandardHostValve.invoke(StandardHostValve.java:135)
	at org.apache.catalina.valves.ErrorReportValve.invoke(ErrorReportValve.java:92)
	at org.apache.catalina.core.StandardEngineValve.invoke(StandardEngineValve.java:78)
	at org.apache.catalina.connector.CoyoteAdapter.service(CoyoteAdapter.java:360)
	at org.apache.coyote.http11.Http11Processor.service(Http11Processor.java:399)
	at org.apache.coyote.AbstractProcessorLight.process(AbstractProcessorLight.java:65)
	at org.apache.coyote.AbstractProtocol$ConnectionHandler.process(AbstractProtocol.java:890)
	at org.apache.tomcat.util.net.NioEndpoint$SocketProcessor.doRun(NioEndpoint.java:1787)
	at org.apache.tomcat.util.net.SocketProcessorBase.run(SocketProcessorBase.java:49)
	at org.apache.tomcat.util.threads.ThreadPoolExecutor.runWorker(ThreadPoolExecutor.java:1191)
	at org.apache.tomcat.util.threads.ThreadPoolExecutor$Worker.run(ThreadPoolExecutor.java:659)
	at org.apache.tomcat.util.threads.TaskThread$WrappingRunnable.run(TaskThread.java:61)
	at java.base/java.lang.Thread.run(Thread.java:829)
Caused by: com.fasterxml.jackson.databind.exc.InvalidDefinitionException: No serializer found for class org.springframework.validation.DefaultMessageCodesResolver and no properties discovered to create BeanSerializer (to avoid exception, disable SerializationFeature.FAIL_ON_EMPTY_BEANS) (through reference chain: com.cetiti.constant.BaseJson["data"]->org.springframework.validation.BeanPropertyBindingResult["messageCodesResolver"])
	at com.fasterxml.jackson.databind.exc.InvalidDefinitionException.from(InvalidDefinitionException.java:77)
	at com.fasterxml.jackson.databind.SerializerProvider.reportBadDefinition(SerializerProvider.java:1300)
	at com.fasterxml.jackson.databind.DatabindContext.reportBadDefinition(DatabindContext.java:400)
	at com.fasterxml.jackson.databind.ser.impl.UnknownSerializer.failForEmpty(UnknownSerializer.java:46)
	at com.fasterxml.jackson.databind.ser.impl.UnknownSerializer.serialize(UnknownSerializer.java:29)
	at com.fasterxml.jackson.databind.ser.BeanPropertyWriter.serializeAsField(BeanPropertyWriter.java:728)
	at com.fasterxml.jackson.databind.ser.std.BeanSerializerBase.serializeFields(BeanSerializerBase.java:774)
	at com.fasterxml.jackson.databind.ser.BeanSerializer.serialize(BeanSerializer.java:178)
	at com.fasterxml.jackson.databind.ser.BeanPropertyWriter.serializeAsField(BeanPropertyWriter.java:728)
	at com.fasterxml.jackson.databind.ser.std.BeanSerializerBase.serializeFields(BeanSerializerBase.java:774)
	at com.fasterxml.jackson.databind.ser.BeanSerializer.serialize(BeanSerializer.java:178)
	at com.fasterxml.jackson.databind.ser.DefaultSerializerProvider._serialize(DefaultSerializerProvider.java:480)
	at com.fasterxml.jackson.databind.ser.DefaultSerializerProvider.serializeValue(DefaultSerializerProvider.java:319)
	at com.fasterxml.jackson.databind.ObjectWriter$Prefetch.serialize(ObjectWriter.java:1518)
	at com.fasterxml.jackson.databind.ObjectWriter.writeValue(ObjectWriter.java:1007)
	at org.springframework.http.converter.json.AbstractJackson2HttpMessageConverter.writeInternal(AbstractJackson2HttpMessageConverter.java:456)
	... 43 common frames omitted
2024-04-03  15:32:55.732 [http-nio-8888-exec-2] WARN  org.springframework.web.servlet.mvc.support.DefaultHandlerExceptionResolver - Resolved [org.springframework.web.bind.MethodArgumentNotValidException: Validation failed for argument [0] in public com.cetiti.constant.BaseJson<java.lang.String> com.cetiti.controller.TestSequenceController.saveTestSequence(com.cetiti.request.TestSequenceSaveRequest): [Field error in object 'testSequenceSaveRequest' on field 'stepList': rejected value [[]]; codes [NotEmpty.testSequenceSaveRequest.stepList,NotEmpty.stepList,NotEmpty.java.util.List,NotEmpty]; arguments [org.springframework.context.support.DefaultMessageSourceResolvable: codes [testSequenceSaveRequest.stepList,stepList]; arguments []; default message [stepList]]; default message [步骤不可为空]] ]
2024-04-03  15:32:55.739 [MQTT Rec: 5302c64342ad5f2c4a67466abea4d53a_receive] ERROR org.springframework.integration.mqtt.inbound.MqttPahoMessageDrivenChannelAdapter - Lost connection: 已断开连接; retrying...
2024-04-03  15:33:50.752 [http-nio-8888-exec-1] ERROR com.cetiti.config.GlobalExceptionHandler - 校验异常: 
org.springframework.web.bind.MethodArgumentNotValidException: Validation failed for argument [0] in public com.cetiti.constant.BaseJson<java.lang.String> com.cetiti.controller.TestSequenceController.saveTestSequence(com.cetiti.request.TestSequenceSaveRequest): [Field error in object 'testSequenceSaveRequest' on field 'stepList': rejected value [[]]; codes [NotEmpty.testSequenceSaveRequest.stepList,NotEmpty.stepList,NotEmpty.java.util.List,NotEmpty]; arguments [org.springframework.context.support.DefaultMessageSourceResolvable: codes [testSequenceSaveRequest.stepList,stepList]; arguments []; default message [stepList]]; default message [步骤不可为空]] 
	at org.springframework.web.servlet.mvc.method.annotation.RequestResponseBodyMethodProcessor.resolveArgument(RequestResponseBodyMethodProcessor.java:141)
	at org.springframework.web.method.support.HandlerMethodArgumentResolverComposite.resolveArgument(HandlerMethodArgumentResolverComposite.java:122)
	at org.springframework.web.method.support.InvocableHandlerMethod.getMethodArgumentValues(InvocableHandlerMethod.java:179)
	at org.springframework.web.method.support.InvocableHandlerMethod.invokeForRequest(InvocableHandlerMethod.java:146)
	at org.springframework.web.servlet.mvc.method.annotation.ServletInvocableHandlerMethod.invokeAndHandle(ServletInvocableHandlerMethod.java:117)
	at org.springframework.web.servlet.mvc.method.annotation.RequestMappingHandlerAdapter.invokeHandlerMethod(RequestMappingHandlerAdapter.java:895)
	at org.springframework.web.servlet.mvc.method.annotation.RequestMappingHandlerAdapter.handleInternal(RequestMappingHandlerAdapter.java:808)
	at org.springframework.web.servlet.mvc.method.AbstractHandlerMethodAdapter.handle(AbstractHandlerMethodAdapter.java:87)
	at org.springframework.web.servlet.DispatcherServlet.doDispatch(DispatcherServlet.java:1067)
	at org.springframework.web.servlet.DispatcherServlet.doService(DispatcherServlet.java:963)
	at org.springframework.web.servlet.FrameworkServlet.processRequest(FrameworkServlet.java:1006)
	at org.springframework.web.servlet.FrameworkServlet.doPost(FrameworkServlet.java:909)
	at javax.servlet.http.HttpServlet.service(HttpServlet.java:681)
	at org.springframework.web.servlet.FrameworkServlet.service(FrameworkServlet.java:883)
	at javax.servlet.http.HttpServlet.service(HttpServlet.java:764)
	at org.apache.catalina.core.ApplicationFilterChain.internalDoFilter(ApplicationFilterChain.java:227)
	at org.apache.catalina.core.ApplicationFilterChain.doFilter(ApplicationFilterChain.java:162)
	at org.apache.tomcat.websocket.server.WsFilter.doFilter(WsFilter.java:53)
	at org.apache.catalina.core.ApplicationFilterChain.internalDoFilter(ApplicationFilterChain.java:189)
	at org.apache.catalina.core.ApplicationFilterChain.doFilter(ApplicationFilterChain.java:162)
	at org.springframework.web.filter.CharacterEncodingFilter.doFilterInternal(CharacterEncodingFilter.java:201)
	at org.springframework.web.filter.OncePerRequestFilter.doFilter(OncePerRequestFilter.java:117)
	at org.apache.catalina.core.ApplicationFilterChain.internalDoFilter(ApplicationFilterChain.java:189)
	at org.apache.catalina.core.ApplicationFilterChain.doFilter(ApplicationFilterChain.java:162)
	at org.apache.catalina.core.StandardWrapperValve.invoke(StandardWrapperValve.java:197)
	at org.apache.catalina.core.StandardContextValve.invoke(StandardContextValve.java:97)
	at org.apache.catalina.authenticator.AuthenticatorBase.invoke(AuthenticatorBase.java:541)
	at org.apache.catalina.core.StandardHostValve.invoke(StandardHostValve.java:135)
	at org.apache.catalina.valves.ErrorReportValve.invoke(ErrorReportValve.java:92)
	at org.apache.catalina.core.StandardEngineValve.invoke(StandardEngineValve.java:78)
	at org.apache.catalina.connector.CoyoteAdapter.service(CoyoteAdapter.java:360)
	at org.apache.coyote.http11.Http11Processor.service(Http11Processor.java:399)
	at org.apache.coyote.AbstractProcessorLight.process(AbstractProcessorLight.java:65)
	at org.apache.coyote.AbstractProtocol$ConnectionHandler.process(AbstractProtocol.java:890)
	at org.apache.tomcat.util.net.NioEndpoint$SocketProcessor.doRun(NioEndpoint.java:1787)
	at org.apache.tomcat.util.net.SocketProcessorBase.run(SocketProcessorBase.java:49)
	at org.apache.tomcat.util.threads.ThreadPoolExecutor.runWorker(ThreadPoolExecutor.java:1191)
	at org.apache.tomcat.util.threads.ThreadPoolExecutor$Worker.run(ThreadPoolExecutor.java:659)
	at org.apache.tomcat.util.threads.TaskThread$WrappingRunnable.run(TaskThread.java:61)
	at java.base/java.lang.Thread.run(Thread.java:829)
